Log file open, 07/10/23 21:42:37
LogICUInternationalization: ICU TimeZone Detection - Raw Offset: -8:00, Platform Override: ''
LogInit: ExecutableName: CrashReportClient
LogInit: Build: ++UE5+Release-5.2-CL-26001984
LogInit: Engine Version: 5.2.1-26001984+++UE5+Release-5.2
LogInit: Compatible Engine Version: 5.2.0-25360045+++UE5+Release-5.2
LogInit: Net CL: 25360045
LogInit: OS: openSUSE Leap 15.5 (5.14.21-150500.53-default), CPU: AMD Ryzen 7 3700X 8-Core Processor, GPU: NVIDIA GeForce GTX 1660 SUPER (NVIDIA UNIX x86_64 Kernel Module  535.54.03  Tue Jun  6 22:20:39 UTC 2023)
LogInit: Compiled (64-bit): Jun 15 2023 04:27:55
LogInit: Architecture: x64
LogInit: Compiled with Clang: 15.0.1 
LogInit: Build Configuration: Shipping
LogInit: Branch Name: ++UE5+Release-5.2
LogInit: Command Line:  -Abslog="/run/media/nazaradeh/Storage/Users/Aryo Nazaradeh/Misc/Work/Games/2023/WeatherChanger/WeatherChanger/Saved/Logs/WeatherChanger-CRC.log" -Unattended "/run/media/nazaradeh/Storage/Users/Aryo Nazaradeh/Misc/Work/Games/2023/WeatherChanger/WeatherChanger/Saved/Crashes/ensureinfo-WeatherChanger-pid-10783-2598B53C5A154EF7A023C717528D7674/"
LogInit: Base Directory: /opt/Linux_Unreal_Engine_5.2.1/Engine/Binaries/Linux/
LogInit: Allocator: Mimalloc
LogInit: Installed Engine Build: 1
LogInit: Presizing for max 100000 objects, including 0 objects not considered by GC, pre-allocating 0 bytes for permanent pool.
LogInit: Object subsystem initialized
[2023.07.11-04.42.37:158][  0]LogConfig: Applying CVar settings from Section [ConsoleVariables] File [Engine]
[2023.07.11-04.42.37:158][  0]LogInit: Unix hardware info:
[2023.07.11-04.42.37:158][  0]LogInit:  - we are the first instance of this executable
[2023.07.11-04.42.37:158][  0]LogInit:  - this process' id (pid) is 11441, parent process' id (ppid) is 10783
[2023.07.11-04.42.37:158][  0]LogInit:  - we are not running under debugger
[2023.07.11-04.42.37:158][  0]LogInit:  - machine network name is 'localhost.localdomain'
[2023.07.11-04.42.37:158][  0]LogInit:  - user name is 'nazaradeh' (nazaradeh)
[2023.07.11-04.42.37:158][  0]LogInit:  - we're logged in locally
[2023.07.11-04.42.37:158][  0]LogInit:  - we're running with rendering
[2023.07.11-04.42.37:158][  0]LogInit:  - CPU: AuthenticAMD 'AMD Ryzen 7 3700X 8-Core Processor' (signature: 0x870F10)
[2023.07.11-04.42.37:158][  0]LogInit:  - Number of physical cores available for the process: 8
[2023.07.11-04.42.37:158][  0]LogInit:  - Number of logical cores available for the process: 16
[2023.07.11-04.42.37:158][  0]LogInit:  - GPU Brand Info: NVIDIA GeForce GTX 1660 SUPER (NVIDIA UNIX x86_64 Kernel Module  535.54.03  Tue Jun  6 22:20:39 UTC 2023)
[2023.07.11-04.42.37:158][  0]LogInit:  - Memory allocator used: Mimalloc
[2023.07.11-04.42.37:158][  0]LogInit:  - This binary is optimized with LTO: no, PGO: no, instrumented for PGO data collection: no
[2023.07.11-04.42.37:158][  0]LogInit:  - This is an internal build.
[2023.07.11-04.42.37:158][  0]LogCore: Skipped benchmarking clocks because the engine is running in a standalone program mode - CLOCK_MONOTONIC will be used.
[2023.07.11-04.42.37:158][  0]LogInit: Unix-specific commandline switches:
[2023.07.11-04.42.37:158][  0]LogInit:  -ansimalloc - use malloc()/free() from libc (useful for tools like valgrind and electric fence)
[2023.07.11-04.42.37:158][  0]LogInit:  -jemalloc - use jemalloc for all memory allocation
[2023.07.11-04.42.37:158][  0]LogInit:  -binnedmalloc - use binned malloc  for all memory allocation
[2023.07.11-04.42.37:158][  0]LogInit:  -filemapcachesize=NUMBER - set the size for case-sensitive file mapping cache
[2023.07.11-04.42.37:158][  0]LogInit:  -useksm - uses kernel same-page mapping (KSM) for mapped memory (OFF)
[2023.07.11-04.42.37:158][  0]LogInit:  -ksmmergeall - marks all mmap'd memory pages suitable for KSM (OFF)
[2023.07.11-04.42.37:158][  0]LogInit:  -preloadmodulesymbols - Loads the main module symbols file into memory (OFF)
[2023.07.11-04.42.37:158][  0]LogInit:  -sigdfl=SIGNAL - Allows a specific signal to be set to its default handler rather then ignoring the signal
[2023.07.11-04.42.37:158][  0]LogInit:  -crashhandlerstacksize - Allows setting crash handler stack sizes (204800)
[2023.07.11-04.42.37:158][  0]LogInit:  -noexclusivelockonwrite - disables marking files created by the engine as exclusive locked while the engine has them opened
[2023.07.11-04.42.37:158][  0]LogInit:  -httpproxy=ADDRESS:PORT - redirects HTTP requests to a proxy (only supported if compiled with libcurl)
[2023.07.11-04.42.37:158][  0]LogInit:  -reuseconn - allow libcurl to reuse HTTP connections (only matters if compiled with libcurl)
[2023.07.11-04.42.37:158][  0]LogInit:  -virtmemkb=NUMBER - sets process virtual memory (address space) limit (overrides VirtualMemoryLimitInKB value from .ini)
[2023.07.11-04.42.37:158][  0]LogInit:  -allowsyscallfilterfile=PATH_TO_FILE - sets up a system call filter allow list. any invalid syscall in this list *will* cause a crash
[2023.07.11-04.42.37:158][  0]LogInit:  - Physical RAM available (not considering process quota): 32 GB (32037 MB, 32805988 KB, 33593331712 bytes)
[2023.07.11-04.42.37:158][  0]LogInit:  - VirtualMemoryAllocator pools will grow at scale 1.4
[2023.07.11-04.42.37:158][  0]LogInit:  - MemoryRangeDecommit() will be a no-op (re-run with -vmapoolevict to change)
[2023.07.11-04.42.37:158][  0]LogInit:  - PageSize 4096
[2023.07.11-04.42.37:158][  0]LogInit:  - BinnedPageSize 65536
[2023.07.11-04.42.37:160][  0]LogUObjectArray: 427 objects as part of root set at end of initial load.
[2023.07.11-04.42.37:160][  0]LogUObjectAllocator: 89664 out of 0 bytes used by permanent object pool.
[2023.07.11-04.42.37:160][  0]LogUObjectArray: CloseDisregardForGC: 0/0 objects in disregard for GC pool
[2023.07.11-04.42.37:160][  0]LogInit: Using OS detected language (en-US).
[2023.07.11-04.42.37:160][  0]LogInit: Using OS detected locale (en-US).
[2023.07.11-04.42.37:160][  0]LogTextLocalizationManager: No specific localization for 'en-US' exists, so 'en' will be used for the language.
[2023.07.11-04.42.37:179][  0]LogInit: Using OS detected language (en-US).
[2023.07.11-04.42.37:179][  0]LogInit: Using OS detected locale (en-US).
[2023.07.11-04.42.37:179][  0]LogTextLocalizationManager: No localization for 'en-US' exists, so 'en' will be used for the language.
[2023.07.11-04.42.37:179][  0]LogTextLocalizationManager: No localization for 'en-US' exists, so 'en' will be used for the locale.
[2023.07.11-04.42.37:179][  0]LogPackageLocalizationCache: Processed 2 localized package path(s) for 1 prioritized culture(s) in 0.000021 seconds
[2023.07.11-04.42.37:179][  0]CrashReportCoreLog: CrashReportClientVersion=1.0
[2023.07.11-04.42.37:179][  0]CrashReportCoreLog: CrashReportReceiver disabled
[2023.07.11-04.42.37:179][  0]CrashReportCoreLog: DataRouterUrl: https://datarouter.ol.epicgames.com/datarouter/api/v1/public/data
[2023.07.11-04.42.37:189][  0]LogInit: Using libcurl 7.83.1
[2023.07.11-04.42.37:189][  0]LogInit:  - built for Linux
[2023.07.11-04.42.37:189][  0]LogInit:  - supports SSL with OpenSSL/1.1.1n
[2023.07.11-04.42.37:189][  0]LogInit:  - supports HTTP deflate (compression) using libz 1.2.12
[2023.07.11-04.42.37:189][  0]LogInit:  - other features:
[2023.07.11-04.42.37:189][  0]LogInit:      CURL_VERSION_SSL
[2023.07.11-04.42.37:189][  0]LogInit:      CURL_VERSION_LIBZ
[2023.07.11-04.42.37:189][  0]LogInit:      CURL_VERSION_IPV6
[2023.07.11-04.42.37:189][  0]LogInit:      CURL_VERSION_ASYNCHDNS
[2023.07.11-04.42.37:190][  0]LogInit:      CURL_VERSION_LARGEFILE
[2023.07.11-04.42.37:190][  0]LogInit:  CurlRequestOptions (configurable via config and command line):
[2023.07.11-04.42.37:190][  0]LogInit:  - bVerifyPeer = false  - Libcurl will NOT verify peer certificate
[2023.07.11-04.42.37:190][  0]LogInit:  - bUseHttpProxy = false  - Libcurl will NOT use HTTP proxy
[2023.07.11-04.42.37:190][  0]LogInit:  - bDontReuseConnections = false  - Libcurl will reuse connections
[2023.07.11-04.42.37:190][  0]LogInit:  - MaxHostConnections = 16  - Libcurl will limit the number of connections to a host
[2023.07.11-04.42.37:190][  0]LogInit:  - LocalHostAddr = Default
[2023.07.11-04.42.37:190][  0]LogInit:  - BufferSize = 65536
[2023.07.11-04.42.37:190][  0]LogAnalytics: Display: [CrashReporter.Release] APIServer = https://datarouter.ol.epicgames.com/. AppVersion = ++UE5+Release-5.2-CL-26001984
[2023.07.11-04.42.37:192][  0]CrashReportCoreLog: Initial state = Unknown UploadState value
[2023.07.11-04.42.37:192][  0]CrashReportCoreLog: Initial state = Unknown UploadState value
[2023.07.11-04.42.37:192][  0]LogCrashDebugHelper: DepotName: //UE5/Release-5.2
[2023.07.11-04.42.37:192][  0]LogCrashDebugHelper: BuiltFromCL: 26001984
[2023.07.11-04.42.37:192][  0]LogCrashDebugHelper: EngineVersion: 5.2.1-26001984+++UE5+Release-5.2
[2023.07.11-04.42.37:192][  0]LogCrashDebugHelper: BuildVersion: ++UE5+Release-5.2-CL-26001984
[2023.07.11-04.42.38:162][  0]CrashReportCoreLog: Got 4 pending files to upload from 'ensureinfo-WeatherChanger-pid-10783-2598B53C5A154EF7A023C717528D7674'
[2023.07.11-04.42.38:162][  0]CrashReportCoreLog: State change from Ready to SendingFiles
[2023.07.11-04.42.38:162][  0]CrashReportCoreLog: CompressAndSendData have 4 pending files
[2023.07.11-04.42.38:163][  0]CrashReportCoreLog: CompressAndSendData compressing 44406 bytes ('/run/media/nazaradeh/Storage/Users/Aryo Nazaradeh/Misc/Work/Games/2023/WeatherChanger/WeatherChanger/Saved/Crashes/ensureinfo-WeatherChanger-pid-10783-2598B53C5A154EF7A023C717528D7674/CrashContext.runtime-xml')
[2023.07.11-04.42.38:163][  0]CrashReportCoreLog: CompressAndSendData compressing 133 bytes ('/run/media/nazaradeh/Storage/Users/Aryo Nazaradeh/Misc/Work/Games/2023/WeatherChanger/WeatherChanger/Saved/Crashes/ensureinfo-WeatherChanger-pid-10783-2598B53C5A154EF7A023C717528D7674/CrashReportClient.ini')
[2023.07.11-04.42.38:163][  0]CrashReportCoreLog: CompressAndSendData compressing 6930 bytes ('/run/media/nazaradeh/Storage/Users/Aryo Nazaradeh/Misc/Work/Games/2023/WeatherChanger/WeatherChanger/Saved/Crashes/ensureinfo-WeatherChanger-pid-10783-2598B53C5A154EF7A023C717528D7674/Diagnostics.txt')
[2023.07.11-04.42.38:163][  0]CrashReportCoreLog: CompressAndSendData compressing 215051 bytes ('/run/media/nazaradeh/Storage/Users/Aryo Nazaradeh/Misc/Work/Games/2023/WeatherChanger/WeatherChanger/Saved/Crashes/ensureinfo-WeatherChanger-pid-10783-2598B53C5A154EF7A023C717528D7674/WeatherChanger.log')
[2023.07.11-04.42.38:170][  0]CrashReportCoreLog: Sending HTTP request: https://datarouter.ol.epicgames.com/datarouter/api/v1/public/data?AppID=CrashReporter&AppVersion=5.2.1-26001984%2B%2B%2BUE5%2BRelease-5.2&AppEnvironment=Release&UploadType=crashreports&UserID=cb6ffff182554b1d92d20d187e3ab07c-000003e8%7C%7Ccb6ffff182554b1d92d20d187e3ab07c
[2023.07.11-04.42.38:763][  0]CrashReportCoreLog: OnProcessRequestComplete(), State=SendingFiles bSucceeded=1
[2023.07.11-04.42.38:763][  0]CrashReportCoreLog: State change from SendingFiles to SendingFiles
[2023.07.11-04.42.38:763][  0]CrashReportCoreLog: All uploads done
[2023.07.11-04.42.38:763][  0]CrashReportCoreLog: State change from SendingFiles to Finished
[2023.07.11-04.42.39:197][  0]CrashReportCoreLog: Final state (Receiver) = Finished
[2023.07.11-04.42.39:197][  0]CrashReportCoreLog: Final state (Receiver) = Unknown UploadState value
[2023.07.11-04.42.39:197][  0]LogCore: Engine exit requested (reason: CrashReportClientApp RequestExit)
[2023.07.11-04.42.39:197][  0]LogExit: Preparing to exit.
[2023.07.11-04.42.39:198][  0]LogExit: Object subsystem successfully closed.
[2023.07.11-04.42.39:198][  0]LogModuleManager: Shutting down and abandoning module CrashDebugHelper (14)
[2023.07.11-04.42.39:198][  0]LogModuleManager: Shutting down and abandoning module AnalyticsET (12)
[2023.07.11-04.42.39:198][  0]LogModuleManager: Shutting down and abandoning module HTTP (11)
[2023.07.11-04.42.39:721][  0]LogModuleManager: Shutting down and abandoning module SSL (10)
[2023.07.11-04.42.39:722][  0]LogModuleManager: Shutting down and abandoning module CoreUObject (6)
[2023.07.11-04.42.39:722][  0]LogModuleManager: Shutting down and abandoning module PakFile (4)
[2023.07.11-04.42.39:722][  0]LogModuleManager: Shutting down and abandoning module RSA (3)
[2023.07.11-04.42.39:723][  0]LogExit: Exiting.
[2023.07.11-04.42.39:762][  0]Log file closed, 07/10/23 21:42:39
