[+] Containers:
 |- [+] Container: /Game/FirstPerson/Maps/FirstPersonMap
 |   |- [+] ActorDescs:
 |   |   |- Guid:041D504794F34D1092FF8F77CAAA159F BaseClass: NativeClass:/Script/Engine.StaticMeshActor Name:StaticMeshActor_UAID_B42E99A22CAC819401_1508807193 Label:Shape_Trim41 SpatiallyLoaded:1 Bounds:IsValid=true, Min=(X=330.000 Y=-620.000 Z=100.000), Max=(X=350.000 Y=-520.000 Z=120.000) RuntimeGrid:None EditorOnly:0 RuntimeOnly:0 HLODRelevant:1
 |   |   |- Guid:05E8DCC6E47A48A98A8D13835E8BC4BE BaseClass: NativeClass:/Script/Engine.StaticMeshActor Name:StaticMeshActor_UAID_B42E99A22CAC819401_1426231168 Label:Shape_Trim16 SpatiallyLoaded:1 Bounds:IsValid=true, Min=(X=330.000 Y=1380.000 Z=100.000), Max=(X=350.000 Y=1480.000 Z=120.000) RuntimeGrid:None EditorOnly:0 RuntimeOnly:0 HLODRelevant:1
 |   |   |- Guid:0A581086DD6A4623BCA336B4B56D70AA BaseClass: NativeClass:/Script/Engine.StaticMeshActor Name:StaticMeshActor_UAID_B42E99A22CAC819401_1508710180 Label:Shape_Trim28 SpatiallyLoaded:1 Bounds:IsValid=true, Min=(X=330.000 Y=-1920.000 Z=100.000), Max=(X=350.000 Y=-1820.000 Z=120.000) RuntimeGrid:None EditorOnly:0 RuntimeOnly:0 HLODRelevant:1
 |   |   |- Guid:0E42FF843C73497295ECCCAF3975B49B BaseClass: NativeClass:/Script/Engine.StaticMeshActor Name:StaticMeshActor_UAID_B42E99A22CAC819401_1508872201 Label:Shape_Trim49 SpatiallyLoaded:1 Bounds:IsValid=true, Min=(X=330.000 Y=-2520.000 Z=100.000), Max=(X=350.000 Y=-2420.000 Z=120.000) RuntimeGrid:None EditorOnly:0 RuntimeOnly:0 HLODRelevant:1
 |   |   |- Guid:1F115B04AB3B4F339AB79F7F4AC125F9 BaseClass: NativeClass:/Script/Landscape.LandscapeStreamingProxy Name:LandscapeStreamingProxy_4LNZ4A5W384GI5YEGGQPOMWSL_126_2_2_0 Label:LandscapeStreamingProxy_2_2_0 SpatiallyLoaded:1 Bounds:IsValid=true, Min=(X=0.000 Y=0.000 Z=0.000), Max=(X=12600.000 Y=12600.000 Z=200.000) RuntimeGrid:None EditorOnly:0 RuntimeOnly:0 HLODRelevant:1
 |   |   |- Guid:253B476E92884209AF4FE97D0FA26860 BaseClass: NativeClass:/Script/Engine.StaticMeshActor Name:StaticMeshActor_UAID_B42E99A22CAC819401_1508776189 Label:Shape_Trim37 SpatiallyLoaded:1 Bounds:IsValid=true, Min=(X=330.000 Y=-1020.000 Z=100.000), Max=(X=350.000 Y=-920.000 Z=120.000) RuntimeGrid:None EditorOnly:0 RuntimeOnly:0 HLODRelevant:1
 |   |   |- Guid:274808E6F49F4702BA3C367AFB87EF40 BaseClass: NativeClass:/Script/Engine.StaticMeshActor Name:StaticMeshActor_UAID_B42E99A22CAC819401_1508879202 Label:Shape_Trim50 SpatiallyLoaded:1 Bounds:IsValid=true, Min=(X=330.000 Y=-2420.000 Z=100.000), Max=(X=350.000 Y=-2320.000 Z=120.000) RuntimeGrid:None EditorOnly:0 RuntimeOnly:0 HLODRelevant:1
 |   |   |- Guid:2B8BE0F8937B4591A9816B8B61AC4C4A BaseClass: NativeClass:/Script/Landscape.LandscapeStreamingProxy Name:LandscapeStreamingProxy_4LNZ4A5W384GI5YEGGQPOMWSL_126_1_1_0 Label:LandscapeStreamingProxy_1_1_0 SpatiallyLoaded:1 Bounds:IsValid=true, Min=(X=-12600.000 Y=-12600.000 Z=0.000), Max=(X=0.000 Y=0.000 Z=200.000) RuntimeGrid:None EditorOnly:0 RuntimeOnly:0 HLODRelevant:1
 |   |   |- Guid:2DB52A45450C449194F3B0594C76A46F BaseClass: NativeClass:/Script/Engine.StaticMeshActor Name:StaticMeshActor_UAID_B42E99A22CAC819401_1407278158 Label:Shape_Trim6 SpatiallyLoaded:1 Bounds:IsValid=true, Min=(X=330.000 Y=980.000 Z=100.000), Max=(X=350.000 Y=1080.000 Z=120.000) RuntimeGrid:None EditorOnly:0 RuntimeOnly:0 HLODRelevant:1
 |   |   |- Guid:3162D0CCD9DA4FD48FBCFEC6071632D9 BaseClass: NativeClass:/Script/Landscape.LandscapeStreamingProxy Name:LandscapeStreamingProxy_4LNZ4A5W384GI5YEGGQPOMWSL_126_0_3_0 Label:LandscapeStreamingProxy_0_3_0 SpatiallyLoaded:1 Bounds:IsValid=true, Min=(X=-25200.000 Y=12600.000 Z=0.000), Max=(X=-12600.000 Y=25200.000 Z=200.000) RuntimeGrid:None EditorOnly:0 RuntimeOnly:0 HLODRelevant:1
 |   |   |- Guid:3367706265DE4412BEF8DAF5D12E495C BaseClass: NativeClass:/Script/Engine.StaticMeshActor Name:StaticMeshActor_UAID_B42E99A22CAC819401_1508768188 Label:Shape_Trim36 SpatiallyLoaded:1 Bounds:IsValid=true, Min=(X=330.000 Y=-2320.000 Z=100.000), Max=(X=350.000 Y=-2220.000 Z=120.000) RuntimeGrid:None EditorOnly:0 RuntimeOnly:0 HLODRelevant:1
 |   |   |- Guid:343678042C044474851119D4635F1403 BaseClass: NativeClass:/Script/Engine.StaticMeshActor Name:StaticMeshActor_UAID_B42E99A22CAC819401_1508856199 Label:Shape_Trim47 SpatiallyLoaded:1 Bounds:IsValid=true, Min=(X=330.000 Y=-2720.000 Z=100.000), Max=(X=350.000 Y=-2620.000 Z=120.000) RuntimeGrid:None EditorOnly:0 RuntimeOnly:0 HLODRelevant:1
 |   |   |- Guid:374900E802E8419D9E4A8184E6C08D59 BaseClass: NativeClass:/Script/Engine.StaticMeshActor Name:StaticMeshActor_UAID_B42E99A22CAC819401_1508784190 Label:Shape_Trim38 SpatiallyLoaded:1 Bounds:IsValid=true, Min=(X=330.000 Y=-920.000 Z=100.000), Max=(X=350.000 Y=-820.000 Z=120.000) RuntimeGrid:None EditorOnly:0 RuntimeOnly:0 HLODRelevant:1
 |   |   |- Guid:3A9E26BCB35347C89FE160C8D53A70AC BaseClass: NativeClass:/Script/Engine.StaticMeshActor Name:StaticMeshActor_UAID_B42E99A22CAC819401_1436106174 Label:Shape_Trim22 SpatiallyLoaded:1 Bounds:IsValid=true, Min=(X=330.000 Y=180.000 Z=100.000), Max=(X=350.000 Y=280.000 Z=120.000) RuntimeGrid:None EditorOnly:0 RuntimeOnly:0 HLODRelevant:1
 |   |   |- Guid:3D85135CBA1F4912986109DB5A71EC7E BaseClass: NativeClass:/Script/Engine.StaticMeshActor Name:StaticMeshActor_UAID_B42E99A22CAC819401_1508905205 Label:Shape_Trim53 SpatiallyLoaded:1 Bounds:IsValid=true, Min=(X=330.000 Y=-3020.000 Z=100.000), Max=(X=350.000 Y=-2920.000 Z=120.000) RuntimeGrid:None EditorOnly:0 RuntimeOnly:0 HLODRelevant:1
 |   |   |- Guid:3DCE43818B46476192CE5F41A3975967 BaseClass: NativeClass:/Script/Engine.StaticMeshActor Name:StaticMeshActor_UAID_B42E99A22CAC819401_1508814194 Label:Shape_Trim42 SpatiallyLoaded:1 Bounds:IsValid=true, Min=(X=330.000 Y=-820.000 Z=100.000), Max=(X=350.000 Y=-720.000 Z=120.000) RuntimeGrid:None EditorOnly:0 RuntimeOnly:0 HLODRelevant:1
 |   |   |- Guid:424328B0B78B475D96C6479B9CD5FA23 BaseClass: NativeClass:/Script/Landscape.LandscapeStreamingProxy Name:LandscapeStreamingProxy_4LNZ4A5W384GI5YEGGQPOMWSL_126_0_0_0 Label:LandscapeStreamingProxy_0_0_0 SpatiallyLoaded:1 Bounds:IsValid=true, Min=(X=-25200.000 Y=-25200.000 Z=0.000), Max=(X=-12600.000 Y=-12600.000 Z=200.000) RuntimeGrid:None EditorOnly:0 RuntimeOnly:0 HLODRelevant:1
 |   |   |- Guid:43D7DCFF7E484ACE93CDC28C8C79FE05 BaseClass: NativeClass:/Script/Landscape.LandscapeStreamingProxy Name:LandscapeStreamingProxy_4LNZ4A5W384GI5YEGGQPOMWSL_126_1_2_0 Label:LandscapeStreamingProxy_1_2_0 SpatiallyLoaded:1 Bounds:IsValid=true, Min=(X=-12600.000 Y=0.000 Z=0.000), Max=(X=0.000 Y=12600.000 Z=200.000) RuntimeGrid:None EditorOnly:0 RuntimeOnly:0 HLODRelevant:1
 |   |   |- Guid:4734CF792C294730B9D21CC994DA9A9F BaseClass: NativeClass:/Script/Engine.StaticMeshActor Name:StaticMeshActor_UAID_B42E99A22CAC819401_1411313161 Label:Shape_Trim9 SpatiallyLoaded:1 Bounds:IsValid=true, Min=(X=330.000 Y=380.000 Z=100.000), Max=(X=350.000 Y=480.000 Z=120.000) RuntimeGrid:None EditorOnly:0 RuntimeOnly:0 HLODRelevant:1
 |   |   |- Guid:4957E2B39789447AAA83B7094D4870C9 BaseClass: NativeClass:/Script/Landscape.LandscapeStreamingProxy Name:LandscapeStreamingProxy_4LNZ4A5W384GI5YEGGQPOMWSL_126_3_2_0 Label:LandscapeStreamingProxy_3_2_0 SpatiallyLoaded:1 Bounds:IsValid=true, Min=(X=12600.000 Y=0.000 Z=0.000), Max=(X=25200.000 Y=12600.000 Z=200.000) RuntimeGrid:None EditorOnly:0 RuntimeOnly:0 HLODRelevant:1
 |   |   |- Guid:4A53DC9563A141F1A9AE9766A09AD490 BaseClass: NativeClass:/Script/Landscape.LandscapeStreamingProxy Name:LandscapeStreamingProxy_4LNZ4A5W384GI5YEGGQPOMWSL_126_3_3_0 Label:LandscapeStreamingProxy_3_3_0 SpatiallyLoaded:1 Bounds:IsValid=true, Min=(X=12600.000 Y=12600.000 Z=0.000), Max=(X=25200.000 Y=25200.000 Z=200.000) RuntimeGrid:None EditorOnly:0 RuntimeOnly:0 HLODRelevant:1
 |   |   |- Guid:4D3D49C30A764A9AAD8E2354118D048B BaseClass: NativeClass:/Script/Landscape.LandscapeStreamingProxy Name:LandscapeStreamingProxy_4LNZ4A5W384GI5YEGGQPOMWSL_126_3_1_0 Label:LandscapeStreamingProxy_3_1_0 SpatiallyLoaded:1 Bounds:IsValid=true, Min=(X=12600.000 Y=-12600.000 Z=0.000), Max=(X=25200.000 Y=0.000 Z=200.000) RuntimeGrid:None EditorOnly:0 RuntimeOnly:0 HLODRelevant:1
 |   |   |- Guid:4DD5E6F43C8E4764902C6B8E0BE0E8A1 BaseClass: NativeClass:/Script/Landscape.LandscapeStreamingProxy Name:LandscapeStreamingProxy_4LNZ4A5W384GI5YEGGQPOMWSL_126_2_3_0 Label:LandscapeStreamingProxy_2_3_0 SpatiallyLoaded:1 Bounds:IsValid=true, Min=(X=0.000 Y=12600.000 Z=0.000), Max=(X=12600.000 Y=25200.000 Z=200.000) RuntimeGrid:None EditorOnly:0 RuntimeOnly:0 HLODRelevant:1
 |   |   |- Guid:4ED67F410C8940118F34B92359C39FD3 BaseClass: NativeClass:/Script/Engine.StaticMeshActor Name:StaticMeshActor_UAID_B42E99A22CAC819401_1407260156 Label:Shape_Trim4 SpatiallyLoaded:1 Bounds:IsValid=true, Min=(X=330.000 Y=1080.000 Z=100.000), Max=(X=350.000 Y=1180.000 Z=120.000) RuntimeGrid:None EditorOnly:0 RuntimeOnly:0 HLODRelevant:1
 |   |   |- Guid:505FB1D30E4B4D17B99A7E1F897EEF2D BaseClass: NativeClass:/Script/Engine.StaticMeshActor Name:StaticMeshActor_UAID_B42E99A22CAC819401_1436116176 Label:Shape_Trim24 SpatiallyLoaded:1 Bounds:IsValid=true, Min=(X=330.000 Y=80.000 Z=100.000), Max=(X=350.000 Y=180.000 Z=120.000) RuntimeGrid:None EditorOnly:0 RuntimeOnly:0 HLODRelevant:1
 |   |   |- Guid:54C8DC639000481FB8D0575EDE04890F BaseClass: NativeClass:/Script/Engine.StaticMeshActor Name:StaticMeshActor_UAID_B42E99A22CAC819401_1407270157 Label:Shape_Trim5 SpatiallyLoaded:1 Bounds:IsValid=true, Min=(X=330.000 Y=1180.000 Z=100.000), Max=(X=350.000 Y=1280.000 Z=120.000) RuntimeGrid:None EditorOnly:0 RuntimeOnly:0 HLODRelevant:1
 |   |   |- Guid:5FA230DA15134E0FA158D35320544779 BaseClass: NativeClass:/Script/Engine.StaticMeshActor Name:StaticMeshActor_UAID_B42E99A22CAC819401_1508822195 Label:Shape_Trim43 SpatiallyLoaded:1 Bounds:IsValid=true, Min=(X=330.000 Y=-1320.000 Z=100.000), Max=(X=350.000 Y=-1220.000 Z=120.000) RuntimeGrid:None EditorOnly:0 RuntimeOnly:0 HLODRelevant:1
 |   |   |- Guid:5FE7584649BB6F09265329A6C57CFD0D BaseClass: NativeClass:/Script/Engine.VolumetricCloud Name:VolumetricCloud_0 Label:VolumetricCloud SpatiallyLoaded:0 Bounds:IsValid=true, Min=(X=0.000 Y=0.000 Z=820.000), Max=(X=0.000 Y=0.000 Z=820.000) RuntimeGrid:None EditorOnly:0 RuntimeOnly:0 HLODRelevant:0 FolderPath:Lighting FolderGuid:0BA5F0A04EADB18E70D5B180D08FA34B
 |   |   |- Guid:60C1B128F2D84DD7852AA2579CA1A0D4 BaseClass: NativeClass:/Script/Engine.StaticMeshActor Name:StaticMeshActor_UAID_B42E99A22CAC819401_1508897204 Label:Shape_Trim52 SpatiallyLoaded:1 Bounds:IsValid=true, Min=(X=330.000 Y=-3120.000 Z=100.000), Max=(X=350.000 Y=-3020.000 Z=120.000) RuntimeGrid:None EditorOnly:0 RuntimeOnly:0 HLODRelevant:1
 |   |   |- Guid:61391D344900612A77DFC3BA3E354907 BaseClass: NativeClass:/Script/Engine.ExponentialHeightFog Name:ExponentialHeightFog_0 Label:ExponentialHeightFog SpatiallyLoaded:0 Bounds:IsValid=true, Min=(X=-5600.000 Y=-50.000 Z=-6850.000), Max=(X=-5600.000 Y=-50.000 Z=-6850.000) RuntimeGrid:None EditorOnly:0 RuntimeOnly:0 HLODRelevant:0 FolderPath:Lighting FolderGuid:0BA5F0A04EADB18E70D5B180D08FA34B
 |   |   |- Guid:628BB78AA01D4C45A03D447E8A0DD706 BaseClass: NativeClass:/Script/Engine.StaticMeshActor Name:StaticMeshActor_UAID_B42E99A22CAC819401_1436128179 Label:Shape_Trim27 SpatiallyLoaded:1 Bounds:IsValid=true, Min=(X=330.000 Y=-520.000 Z=100.000), Max=(X=350.000 Y=-420.000 Z=120.000) RuntimeGrid:None EditorOnly:0 RuntimeOnly:0 HLODRelevant:1
 |   |   |- Guid:6386393D8D1C4FADBB7D89ADFF0CD4CE BaseClass: NativeClass:/Script/Engine.StaticMeshActor Name:StaticMeshActor_UAID_B42E99A22CAC819401_1508748185 Label:Shape_Trim33 SpatiallyLoaded:1 Bounds:IsValid=true, Min=(X=330.000 Y=-1720.000 Z=100.000), Max=(X=350.000 Y=-1620.000 Z=120.000) RuntimeGrid:None EditorOnly:0 RuntimeOnly:0 HLODRelevant:1
 |   |   |- Guid:6393AA67703B4CA6BD87C754F8F6AC14 BaseClass: NativeClass:/Script/Engine.StaticMeshActor Name:StaticMeshActor_UAID_B42E99A22CAC819401_1426247170 Label:Shape_Trim18 SpatiallyLoaded:1 Bounds:IsValid=true, Min=(X=330.000 Y=1280.000 Z=100.000), Max=(X=350.000 Y=1380.000 Z=120.000) RuntimeGrid:None EditorOnly:0 RuntimeOnly:0 HLODRelevant:1
 |   |   |- Guid:684576D638C24136ABD89B7F84AB60E7 BaseClass: NativeClass:/Script/Engine.StaticMeshActor Name:StaticMeshActor_UAID_B42E99A22CAC819401_1508755186 Label:Shape_Trim34 SpatiallyLoaded:1 Bounds:IsValid=true, Min=(X=330.000 Y=-2220.000 Z=100.000), Max=(X=350.000 Y=-2120.000 Z=120.000) RuntimeGrid:None EditorOnly:0 RuntimeOnly:0 HLODRelevant:1
 |   |   |- Guid:6C456FD24ECFF6F7F6DA099D44757EB5 BaseClass:/Game/FirstPerson/Blueprints/BP_Sun.BP_Sun_C NativeClass:/Script/Engine.Actor Name:BP_Sun_C_UAID_4074E0D75B26019201_1101703512 Label:BP_Sun SpatiallyLoaded:0 Bounds:IsValid=true, Min=(X=-4398046511104.000 Y=-4398046511104.000 Z=-4398046511104.000), Max=(X=4398046511104.000 Y=4398046511104.000 Z=4398046511104.000) RuntimeGrid:None EditorOnly:0 RuntimeOnly:0 HLODRelevant:0
 |   |   |- Guid:6EEF8A135BBB4F778B4497D88BD97465 BaseClass: NativeClass:/Script/Engine.StaticMeshActor Name:StaticMeshActor_UAID_B42E99A22CAC819401_1411303160 Label:Shape_Trim8 SpatiallyLoaded:1 Bounds:IsValid=true, Min=(X=330.000 Y=580.000 Z=100.000), Max=(X=350.000 Y=680.000 Z=120.000) RuntimeGrid:None EditorOnly:0 RuntimeOnly:0 HLODRelevant:1
 |   |   |- Guid:6FEFB3BD4EB37B849EF0D4AC80F83855 BaseClass: NativeClass:/Script/Engine.WorldDataLayers Name:WorldDataLayers Label:WorldDataLayers SpatiallyLoaded:0 Bounds:IsValid=true, Min=(X=0.000 Y=0.000 Z=0.000), Max=(X=0.000 Y=0.000 Z=0.000) RuntimeGrid:None EditorOnly:0 RuntimeOnly:0 HLODRelevant:0
 |   |   |- Guid:6FF17BE936E44550898A17E645CC7D22 BaseClass: NativeClass:/Script/Engine.StaticMeshActor Name:StaticMeshActor_UAID_B42E99A22CAC819401_1426192163 Label:Shape_Trim11 SpatiallyLoaded:1 Bounds:IsValid=true, Min=(X=330.000 Y=1780.000 Z=100.000), Max=(X=350.000 Y=1880.000 Z=120.000) RuntimeGrid:None EditorOnly:0 RuntimeOnly:0 HLODRelevant:1
 |   |   |- Guid:73B0B9390BED4C689997079537C9576A BaseClass: NativeClass:/Script/Landscape.LandscapeStreamingProxy Name:LandscapeStreamingProxy_4LNZ4A5W384GI5YEGGQPOMWSL_126_0_2_0 Label:LandscapeStreamingProxy_0_2_0 SpatiallyLoaded:1 Bounds:IsValid=true, Min=(X=-25200.000 Y=0.000 Z=0.000), Max=(X=-12600.000 Y=12600.000 Z=200.000) RuntimeGrid:None EditorOnly:0 RuntimeOnly:0 HLODRelevant:1
 |   |   |- Guid:764FEF109E0A4432AA26AD2986FED034 BaseClass: NativeClass:/Script/Engine.StaticMeshActor Name:StaticMeshActor_UAID_B42E99A22CAC819401_1508800192 Label:Shape_Trim40 SpatiallyLoaded:1 Bounds:IsValid=true, Min=(X=330.000 Y=-720.000 Z=100.000), Max=(X=350.000 Y=-620.000 Z=120.000) RuntimeGrid:None EditorOnly:0 RuntimeOnly:0 HLODRelevant:1
 |   |   |- Guid:7C6FDB610BEF4FEAAC13F057A878C1A5 BaseClass: NativeClass:/Script/Engine.StaticMeshActor Name:StaticMeshActor_UAID_B42E99A22CAC819401_1508888203 Label:Shape_Trim51 SpatiallyLoaded:1 Bounds:IsValid=true, Min=(X=330.000 Y=-2620.000 Z=100.000), Max=(X=350.000 Y=-2520.000 Z=120.000) RuntimeGrid:None EditorOnly:0 RuntimeOnly:0 HLODRelevant:1
 |   |   |- Guid:7DAB7B40CA1C48FAADAEBEA080503B5F BaseClass: NativeClass:/Script/Engine.StaticMeshActor Name:StaticMeshActor_UAID_B42E99A22CAC819401_1508830196 Label:Shape_Trim44 SpatiallyLoaded:1 Bounds:IsValid=true, Min=(X=330.000 Y=-1220.000 Z=100.000), Max=(X=350.000 Y=-1120.000 Z=120.000) RuntimeGrid:None EditorOnly:0 RuntimeOnly:0 HLODRelevant:1
 |   |   |- Guid:7E4251D0B54242A186A3428D1647DCAE BaseClass: NativeClass:/Script/Engine.StaticMeshActor Name:StaticMeshActor_UAID_B42E99A22CAC819401_1426207165 Label:Shape_Trim13 SpatiallyLoaded:1 Bounds:IsValid=true, Min=(X=330.000 Y=1980.000 Z=100.000), Max=(X=350.000 Y=2080.000 Z=120.000) RuntimeGrid:None EditorOnly:0 RuntimeOnly:0 HLODRelevant:1
 |   |   |- Guid:7F1E7B58693B499C9793830DE0D55243 BaseClass: NativeClass:/Script/Engine.StaticMeshActor Name:StaticMeshActor_UAID_B42E99A22CAC819401_1508741184 Label:Shape_Trim32 SpatiallyLoaded:1 Bounds:IsValid=true, Min=(X=330.000 Y=-1520.000 Z=100.000), Max=(X=350.000 Y=-1420.000 Z=120.000) RuntimeGrid:None EditorOnly:0 RuntimeOnly:0 HLODRelevant:1
 |   |   |- Guid:7FBA6DEB0CD34650A76F7873EEE71F07 BaseClass: NativeClass:/Script/Engine.StaticMeshActor Name:StaticMeshActor_UAID_B42E99A22CAC819401_1377510154 Label:Shape_Trim2 SpatiallyLoaded:1 Bounds:IsValid=true, Min=(X=330.000 Y=880.000 Z=100.000), Max=(X=350.000 Y=980.000 Z=120.000) RuntimeGrid:None EditorOnly:0 RuntimeOnly:0 HLODRelevant:1
 |   |   |- Guid:80D61B64A0D945AA8AB0048C95BD6B47 BaseClass: NativeClass:/Script/Engine.StaticMeshActor Name:StaticMeshActor_UAID_B42E99A22CAC819401_1508791191 Label:Shape_Trim39 SpatiallyLoaded:1 Bounds:IsValid=true, Min=(X=330.000 Y=-1120.000 Z=100.000), Max=(X=350.000 Y=-1020.000 Z=120.000) RuntimeGrid:None EditorOnly:0 RuntimeOnly:0 HLODRelevant:1
 |   |   |- Guid:86974C3A1A8B40AEAD31D2422A727728 BaseClass: NativeClass:/Script/Landscape.LandscapeStreamingProxy Name:LandscapeStreamingProxy_4LNZ4A5W384GI5YEGGQPOMWSL_126_3_0_0 Label:LandscapeStreamingProxy_3_0_0 SpatiallyLoaded:1 Bounds:IsValid=true, Min=(X=12600.000 Y=-25200.000 Z=0.000), Max=(X=25200.000 Y=-12600.000 Z=200.000) RuntimeGrid:None EditorOnly:0 RuntimeOnly:0 HLODRelevant:1
 |   |   |- Guid:871B9FD9AC8D4B0F9A2A73D6F7AD4881 BaseClass: NativeClass:/Script/Engine.StaticMeshActor Name:StaticMeshActor_UAID_B42E99A22CAC819401_1411293159 Label:Shape_Trim7 SpatiallyLoaded:1 Bounds:IsValid=true, Min=(X=330.000 Y=480.000 Z=100.000), Max=(X=350.000 Y=580.000 Z=120.000) RuntimeGrid:None EditorOnly:0 RuntimeOnly:0 HLODRelevant:1
 |   |   |- Guid:88C4984B869C451FA62E97FE45D2E736 BaseClass: NativeClass:/Script/Engine.StaticMeshActor Name:StaticMeshActor_UAID_B42E99A22CAC819401_1426200164 Label:Shape_Trim12 SpatiallyLoaded:1 Bounds:IsValid=true, Min=(X=330.000 Y=1580.000 Z=100.000), Max=(X=350.000 Y=1680.000 Z=120.000) RuntimeGrid:None EditorOnly:0 RuntimeOnly:0 HLODRelevant:1
 |   |   |- Guid:89779552DC8F46AB9F8A4B738D9186A8 BaseClass: NativeClass:/Script/Engine.StaticMeshActor Name:StaticMeshActor_UAID_B42E99A22CAC819401_1508717181 Label:Shape_Trim29 SpatiallyLoaded:1 Bounds:IsValid=true, Min=(X=330.000 Y=-1820.000 Z=100.000), Max=(X=350.000 Y=-1720.000 Z=120.000) RuntimeGrid:None EditorOnly:0 RuntimeOnly:0 HLODRelevant:1
 |   |   |- Guid:8BF1C0986F2C43C1BC9A818F06557CAE BaseClass: NativeClass:/Script/Engine.StaticMeshActor Name:StaticMeshActor_UAID_B42E99A22CAC819401_1436112175 Label:Shape_Trim23 SpatiallyLoaded:1 Bounds:IsValid=true, Min=(X=330.000 Y=280.000 Z=100.000), Max=(X=350.000 Y=380.000 Z=120.000) RuntimeGrid:None EditorOnly:0 RuntimeOnly:0 HLODRelevant:1
 |   |   |- Guid:8E2B93E3DDF64E52B2DCF410F717588C BaseClass: NativeClass:/Script/Engine.StaticMeshActor Name:StaticMeshActor_UAID_B42E99A22CAC819401_1426183162 Label:Shape_Trim10 SpatiallyLoaded:1 Bounds:IsValid=true, Min=(X=330.000 Y=1680.000 Z=100.000), Max=(X=350.000 Y=1780.000 Z=120.000) RuntimeGrid:None EditorOnly:0 RuntimeOnly:0 HLODRelevant:1
 |   |   |- Guid:96C357DEC8A44595B11FEDF5D0071C59 BaseClass: NativeClass:/Script/Engine.StaticMeshActor Name:StaticMeshActor_UAID_B42E99A22CAC819401_1436120177 Label:Shape_Trim25 SpatiallyLoaded:1 Bounds:IsValid=true, Min=(X=330.000 Y=-420.000 Z=100.000), Max=(X=350.000 Y=-320.000 Z=120.000) RuntimeGrid:None EditorOnly:0 RuntimeOnly:0 HLODRelevant:1
 |   |   |- Guid:9931AB447E06468098FEEC1167E3DE86 BaseClass: NativeClass:/Script/Landscape.LandscapeStreamingProxy Name:LandscapeStreamingProxy_4LNZ4A5W384GI5YEGGQPOMWSL_126_2_1_0 Label:LandscapeStreamingProxy_2_1_0 SpatiallyLoaded:1 Bounds:IsValid=true, Min=(X=0.000 Y=-12600.000 Z=0.000), Max=(X=12600.000 Y=0.000 Z=200.000) RuntimeGrid:None EditorOnly:0 RuntimeOnly:0 HLODRelevant:1
 |   |   |- Guid:9AD99396D84446B0AD36C155C53207FA BaseClass: NativeClass:/Script/Engine.StaticMeshActor Name:StaticMeshActor_UAID_B42E99A22CAC819401_1508734183 Label:Shape_Trim31 SpatiallyLoaded:1 Bounds:IsValid=true, Min=(X=330.000 Y=-1620.000 Z=100.000), Max=(X=350.000 Y=-1520.000 Z=120.000) RuntimeGrid:None EditorOnly:0 RuntimeOnly:0 HLODRelevant:1
 |   |   |- Guid:9C0696AAC1E341E2ADC4F6C820E1DDF9 BaseClass: NativeClass:/Script/Landscape.LandscapeStreamingProxy Name:LandscapeStreamingProxy_4LNZ4A5W384GI5YEGGQPOMWSL_126_1_0_0 Label:LandscapeStreamingProxy_1_0_0 SpatiallyLoaded:1 Bounds:IsValid=true, Min=(X=-12600.000 Y=-25200.000 Z=0.000), Max=(X=0.000 Y=-12600.000 Z=200.000) RuntimeGrid:None EditorOnly:0 RuntimeOnly:0 HLODRelevant:1
 |   |   |- Guid:A354B1B24E617A525DC6B48CCDE2417E BaseClass: NativeClass:/Script/Engine.PlayerStart Name:PlayerStart_0 Label:PlayerStart SpatiallyLoaded:0 Bounds:IsValid=true, Min=(X=860.000 Y=110.000 Z=108.000), Max=(X=940.000 Y=190.000 Z=292.000) RuntimeGrid:None EditorOnly:0 RuntimeOnly:0 HLODRelevant:0
 |   |   |- Guid:A48103C6C08241E99B02B578C2D0554A BaseClass: NativeClass:/Script/Engine.StaticMeshActor Name:StaticMeshActor_UAID_B42E99A22CAC819401_1436101173 Label:Shape_Trim21 SpatiallyLoaded:1 Bounds:IsValid=true, Min=(X=330.000 Y=-220.000 Z=100.000), Max=(X=350.000 Y=-120.000 Z=120.000) RuntimeGrid:None EditorOnly:0 RuntimeOnly:0 HLODRelevant:1
 |   |   |- Guid:AE0354BE3A6048929DA7F67C0261CC25 BaseClass: NativeClass:/Script/Engine.StaticMeshActor Name:StaticMeshActor_UAID_B42E99A22CAC819401_1436086171 Label:Shape_Trim19 SpatiallyLoaded:1 Bounds:IsValid=true, Min=(X=330.000 Y=-120.000 Z=100.000), Max=(X=350.000 Y=-20.000 Z=120.000) RuntimeGrid:None EditorOnly:0 RuntimeOnly:0 HLODRelevant:1
 |   |   |- Guid:AF1B4802348B4483A73AD49C2D25381B BaseClass: NativeClass:/Script/Engine.StaticMeshActor Name:StaticMeshActor_UAID_B42E99A22CAC819401_1508912206 Label:Shape_Trim54 SpatiallyLoaded:1 Bounds:IsValid=true, Min=(X=330.000 Y=-3220.000 Z=100.000), Max=(X=350.000 Y=-3120.000 Z=120.000) RuntimeGrid:None EditorOnly:0 RuntimeOnly:0 HLODRelevant:1
 |   |   |- Guid:B19EBFF3503341D7B76D940E70885420 BaseClass: NativeClass:/Script/Landscape.LandscapeStreamingProxy Name:LandscapeStreamingProxy_4LNZ4A5W384GI5YEGGQPOMWSL_126_2_0_0 Label:LandscapeStreamingProxy_2_0_0 SpatiallyLoaded:1 Bounds:IsValid=true, Min=(X=0.000 Y=-25200.000 Z=0.000), Max=(X=12600.000 Y=-12600.000 Z=200.000) RuntimeGrid:None EditorOnly:0 RuntimeOnly:0 HLODRelevant:1
 |   |   |- Guid:B84AF14E170A48A49B50555D9415D13E BaseClass: NativeClass:/Script/Engine.StaticMeshActor Name:StaticMeshActor_UAID_B42E99A22CAC819401_1508848198 Label:Shape_Trim46 SpatiallyLoaded:1 Bounds:IsValid=true, Min=(X=330.000 Y=-2820.000 Z=100.000), Max=(X=350.000 Y=-2720.000 Z=120.000) RuntimeGrid:None EditorOnly:0 RuntimeOnly:0 HLODRelevant:1
 |   |   |- Guid:B8E66649BB504E4DA2768792CA0A56D2 BaseClass: NativeClass:/Script/Engine.StaticMeshActor Name:StaticMeshActor_UAID_B42E99A22CAC819401_1508762187 Label:Shape_Trim35 SpatiallyLoaded:1 Bounds:IsValid=true, Min=(X=330.000 Y=-2120.000 Z=100.000), Max=(X=350.000 Y=-2020.000 Z=120.000) RuntimeGrid:None EditorOnly:0 RuntimeOnly:0 HLODRelevant:1
 |   |   |- Guid:C0C56B9644AE3D40CAFF6A878DB29844 BaseClass: NativeClass:/Script/Engine.StaticMeshActor Name:StaticMeshActor_UAID_A4AE111137DC5EFB00_2001720423 Label:SM_SkySphere SpatiallyLoaded:0 Bounds:IsValid=true, Min=(X=-1638400.000 Y=-1638400.000 Z=-1638400.000), Max=(X=1638400.000 Y=1638400.000 Z=1638400.000) RuntimeGrid:None EditorOnly:0 RuntimeOnly:0 HLODRelevant:1 FolderPath:Lighting FolderGuid:0BA5F0A04EADB18E70D5B180D08FA34B
 |   |   |- Guid:C0D026FF7F6C4453B7DDA7A17A9A6C79 BaseClass: NativeClass:/Script/Engine.StaticMeshActor Name:StaticMeshActor_UAID_B42E99A22CAC819401_1426239169 Label:Shape_Trim17 SpatiallyLoaded:1 Bounds:IsValid=true, Min=(X=330.000 Y=1480.000 Z=100.000), Max=(X=350.000 Y=1580.000 Z=120.000) RuntimeGrid:None EditorOnly:0 RuntimeOnly:0 HLODRelevant:1
 |   |   |- Guid:C22CE07C4B87D685137FDBBC10FC92C6 BaseClass: NativeClass:/Script/Engine.SkyAtmosphere Name:SkyAtmosphere_0 Label:SkyAtmosphere SpatiallyLoaded:0 Bounds:IsValid=true, Min=(X=0.000 Y=0.000 Z=1020.000), Max=(X=0.000 Y=0.000 Z=1020.000) RuntimeGrid:None EditorOnly:0 RuntimeOnly:0 HLODRelevant:0 FolderPath:Lighting FolderGuid:0BA5F0A04EADB18E70D5B180D08FA34B
 |   |   |- Guid:CE8D82634660FCDB3120E2B8D547C533 BaseClass: NativeClass:/Script/Engine.PostProcessVolume Name:PostProcessVolume_0 Label:PostProcessVolume SpatiallyLoaded:0 Bounds:IsValid=true, Min=(X=0.000 Y=0.000 Z=400.000), Max=(X=200.000 Y=200.000 Z=600.000) RuntimeGrid:None EditorOnly:0 RuntimeOnly:0 HLODRelevant:0 FolderPath:Lighting FolderGuid:0BA5F0A04EADB18E70D5B180D08FA34B
 |   |   |- Guid:D945A17E84BC4BBFB3DE2F6ED1CFE394 BaseClass: NativeClass:/Script/Engine.StaticMeshActor Name:StaticMeshActor_UAID_B42E99A22CAC819401_1436094172 Label:Shape_Trim20 SpatiallyLoaded:1 Bounds:IsValid=true, Min=(X=330.000 Y=-20.000 Z=100.000), Max=(X=350.000 Y=80.000 Z=120.000) RuntimeGrid:None EditorOnly:0 RuntimeOnly:0 HLODRelevant:1
 |   |   |- Guid:DF7B328EF9DA46BD8B16D81DB20D7140 BaseClass: NativeClass:/Script/Engine.StaticMeshActor Name:StaticMeshActor_UAID_B42E99A22CAC819401_1508865200 Label:Shape_Trim48 SpatiallyLoaded:1 Bounds:IsValid=true, Min=(X=330.000 Y=-2920.000 Z=100.000), Max=(X=350.000 Y=-2820.000 Z=120.000) RuntimeGrid:None EditorOnly:0 RuntimeOnly:0 HLODRelevant:1
 |   |   |- Guid:E5320C1B4FD9764CE7B54D8487AEC613 BaseClass: NativeClass:/Script/Engine.SkyLight Name:SkyLight_0 Label:SkyLight SpatiallyLoaded:0 Bounds:IsValid=true, Min=(X=0.000 Y=0.000 Z=690.000), Max=(X=0.000 Y=0.000 Z=690.000) RuntimeGrid:None EditorOnly:0 RuntimeOnly:0 HLODRelevant:0 FolderPath:Lighting FolderGuid:0BA5F0A04EADB18E70D5B180D08FA34B
 |   |   |- Guid:E6670320D37F4FBDA37B5E9EB695B767 BaseClass: NativeClass:/Script/Engine.StaticMeshActor Name:StaticMeshActor_UAID_B42E99A22CAC819401_1508726182 Label:Shape_Trim30 SpatiallyLoaded:1 Bounds:IsValid=true, Min=(X=330.000 Y=-2020.000 Z=100.000), Max=(X=350.000 Y=-1920.000 Z=120.000) RuntimeGrid:None EditorOnly:0 RuntimeOnly:0 HLODRelevant:1
 |   |   |- Guid:E893484A8EAC4E94918225492DC98269 BaseClass: NativeClass:/Script/Engine.StaticMeshActor Name:StaticMeshActor_UAID_B42E99A22CAC819401_1426223167 Label:Shape_Trim15 SpatiallyLoaded:1 Bounds:IsValid=true, Min=(X=330.000 Y=1880.000 Z=100.000), Max=(X=350.000 Y=1980.000 Z=120.000) RuntimeGrid:None EditorOnly:0 RuntimeOnly:0 HLODRelevant:1
 |   |   |- Guid:E8A4BFD57B1E4CB9AB063DD244F28AE7 BaseClass: NativeClass:/Script/Engine.StaticMeshActor Name:StaticMeshActor_UAID_B42E99A22CAC819401_1278120152 Label:Shape_Trim SpatiallyLoaded:1 Bounds:IsValid=true, Min=(X=330.000 Y=780.000 Z=100.000), Max=(X=350.000 Y=880.000 Z=120.000) RuntimeGrid:None EditorOnly:0 RuntimeOnly:0 HLODRelevant:1
 |   |   |- Guid:ED86C1F7AE984D4FAA0B4C41F01CFBC1 BaseClass: NativeClass:/Script/Engine.StaticMeshActor Name:StaticMeshActor_UAID_B42E99A22CAC819401_1436124178 Label:Shape_Trim26 SpatiallyLoaded:1 Bounds:IsValid=true, Min=(X=330.000 Y=-320.000 Z=100.000), Max=(X=350.000 Y=-220.000 Z=120.000) RuntimeGrid:None EditorOnly:0 RuntimeOnly:0 HLODRelevant:1
 |   |   |- Guid:EE8A8BC5D6C546CEAB7683AB6273AD44 BaseClass: NativeClass:/Script/Engine.StaticMeshActor Name:StaticMeshActor_UAID_B42E99A22CAC819401_1426216166 Label:Shape_Trim14 SpatiallyLoaded:1 Bounds:IsValid=true, Min=(X=330.000 Y=2080.000 Z=100.000), Max=(X=350.000 Y=2180.000 Z=120.000) RuntimeGrid:None EditorOnly:0 RuntimeOnly:0 HLODRelevant:1
 |   |   |- Guid:F15B9505BD2142F3961A5C026A771657 BaseClass: NativeClass:/Script/Landscape.Landscape Name:Landscape_UAID_B42E99A22CAC809401_1789232975 Label:Landscape SpatiallyLoaded:0 Bounds:IsValid=true, Min=(X=-25200.000 Y=-25200.000 Z=100.000), Max=(X=-25200.000 Y=-25200.000 Z=100.000) RuntimeGrid:None EditorOnly:0 RuntimeOnly:0 HLODRelevant:0
 |   |   |- Guid:F78CA1754B2C4F29B5B72314BF9DEB68 BaseClass: NativeClass:/Script/Engine.StaticMeshActor Name:StaticMeshActor_UAID_B42E99A22CAC819401_1508839197 Label:Shape_Trim45 SpatiallyLoaded:1 Bounds:IsValid=true, Min=(X=330.000 Y=-1420.000 Z=100.000), Max=(X=350.000 Y=-1320.000 Z=120.000) RuntimeGrid:None EditorOnly:0 RuntimeOnly:0 HLODRelevant:1
 |   |   |- Guid:FA237F9C5A124923922A3EF9F94E1419 BaseClass: NativeClass:/Script/Landscape.LandscapeStreamingProxy Name:LandscapeStreamingProxy_4LNZ4A5W384GI5YEGGQPOMWSL_126_0_1_0 Label:LandscapeStreamingProxy_0_1_0 SpatiallyLoaded:1 Bounds:IsValid=true, Min=(X=-25200.000 Y=-12600.000 Z=0.000), Max=(X=-12600.000 Y=0.000 Z=200.000) RuntimeGrid:None EditorOnly:0 RuntimeOnly:0 HLODRelevant:1
 |   |   |- Guid:FB5E93A0AAA348C3940C1FD5FD29CB6A BaseClass: NativeClass:/Script/Engine.StaticMeshActor Name:StaticMeshActor_UAID_B42E99A22CAC819401_1400410155 Label:Shape_Trim3 SpatiallyLoaded:1 Bounds:IsValid=true, Min=(X=330.000 Y=680.000 Z=100.000), Max=(X=350.000 Y=780.000 Z=120.000) RuntimeGrid:None EditorOnly:0 RuntimeOnly:0 HLODRelevant:1
 |   |   |- Guid:FC62C6BD212246199BB34125846A6C09 BaseClass: NativeClass:/Script/Landscape.LandscapeStreamingProxy Name:LandscapeStreamingProxy_4LNZ4A5W384GI5YEGGQPOMWSL_126_1_3_0 Label:LandscapeStreamingProxy_1_3_0 SpatiallyLoaded:1 Bounds:IsValid=true, Min=(X=-12600.000 Y=12600.000 Z=0.000), Max=(X=0.000 Y=25200.000 Z=200.000) RuntimeGrid:None EditorOnly:0 RuntimeOnly:0 HLODRelevant:1
 |   |- [+] Clusters:
 |   |   |- [+] [  0]
 |   |   |   |- Guid:61391D344900612A77DFC3BA3E354907 BaseClass: NativeClass:/Script/Engine.ExponentialHeightFog Name:ExponentialHeightFog_0 Label:ExponentialHeightFog SpatiallyLoaded:0 Bounds:IsValid=true, Min=(X=-5600.000 Y=-50.000 Z=-6850.000), Max=(X=-5600.000 Y=-50.000 Z=-6850.000) RuntimeGrid:None EditorOnly:0 RuntimeOnly:0 HLODRelevant:0 FolderPath:Lighting FolderGuid:0BA5F0A04EADB18E70D5B180D08FA34B
 |   |   |- [+] [  1]
 |   |   |   |- Guid:5FE7584649BB6F09265329A6C57CFD0D BaseClass: NativeClass:/Script/Engine.VolumetricCloud Name:VolumetricCloud_0 Label:VolumetricCloud SpatiallyLoaded:0 Bounds:IsValid=true, Min=(X=0.000 Y=0.000 Z=820.000), Max=(X=0.000 Y=0.000 Z=820.000) RuntimeGrid:None EditorOnly:0 RuntimeOnly:0 HLODRelevant:0 FolderPath:Lighting FolderGuid:0BA5F0A04EADB18E70D5B180D08FA34B
 |   |   |- [+] [  2]
 |   |   |   |- Guid:E5320C1B4FD9764CE7B54D8487AEC613 BaseClass: NativeClass:/Script/Engine.SkyLight Name:SkyLight_0 Label:SkyLight SpatiallyLoaded:0 Bounds:IsValid=true, Min=(X=0.000 Y=0.000 Z=690.000), Max=(X=0.000 Y=0.000 Z=690.000) RuntimeGrid:None EditorOnly:0 RuntimeOnly:0 HLODRelevant:0 FolderPath:Lighting FolderGuid:0BA5F0A04EADB18E70D5B180D08FA34B
 |   |   |- [+] [  3]
 |   |   |   |- Guid:6C456FD24ECFF6F7F6DA099D44757EB5 BaseClass:/Game/FirstPerson/Blueprints/BP_Sun.BP_Sun_C NativeClass:/Script/Engine.Actor Name:BP_Sun_C_UAID_4074E0D75B26019201_1101703512 Label:BP_Sun SpatiallyLoaded:0 Bounds:IsValid=true, Min=(X=-4398046511104.000 Y=-4398046511104.000 Z=-4398046511104.000), Max=(X=4398046511104.000 Y=4398046511104.000 Z=4398046511104.000) RuntimeGrid:None EditorOnly:0 RuntimeOnly:0 HLODRelevant:0
 |   |   |- [+] [  4]
 |   |   |   |- Guid:4A53DC9563A141F1A9AE9766A09AD490 BaseClass: NativeClass:/Script/Landscape.LandscapeStreamingProxy Name:LandscapeStreamingProxy_4LNZ4A5W384GI5YEGGQPOMWSL_126_3_3_0 Label:LandscapeStreamingProxy_3_3_0 SpatiallyLoaded:1 Bounds:IsValid=true, Min=(X=12600.000 Y=12600.000 Z=0.000), Max=(X=25200.000 Y=25200.000 Z=200.000) RuntimeGrid:None EditorOnly:0 RuntimeOnly:0 HLODRelevant:1
 |   |   |- [+] [  5]
 |   |   |   |- Guid:A354B1B24E617A525DC6B48CCDE2417E BaseClass: NativeClass:/Script/Engine.PlayerStart Name:PlayerStart_0 Label:PlayerStart SpatiallyLoaded:0 Bounds:IsValid=true, Min=(X=860.000 Y=110.000 Z=108.000), Max=(X=940.000 Y=190.000 Z=292.000) RuntimeGrid:None EditorOnly:0 RuntimeOnly:0 HLODRelevant:0
 |   |   |- [+] [  6]
 |   |   |   |- Guid:4DD5E6F43C8E4764902C6B8E0BE0E8A1 BaseClass: NativeClass:/Script/Landscape.LandscapeStreamingProxy Name:LandscapeStreamingProxy_4LNZ4A5W384GI5YEGGQPOMWSL_126_2_3_0 Label:LandscapeStreamingProxy_2_3_0 SpatiallyLoaded:1 Bounds:IsValid=true, Min=(X=0.000 Y=12600.000 Z=0.000), Max=(X=12600.000 Y=25200.000 Z=200.000) RuntimeGrid:None EditorOnly:0 RuntimeOnly:0 HLODRelevant:1
 |   |   |- [+] [  7]
 |   |   |   |- Guid:FC62C6BD212246199BB34125846A6C09 BaseClass: NativeClass:/Script/Landscape.LandscapeStreamingProxy Name:LandscapeStreamingProxy_4LNZ4A5W384GI5YEGGQPOMWSL_126_1_3_0 Label:LandscapeStreamingProxy_1_3_0 SpatiallyLoaded:1 Bounds:IsValid=true, Min=(X=-12600.000 Y=12600.000 Z=0.000), Max=(X=0.000 Y=25200.000 Z=200.000) RuntimeGrid:None EditorOnly:0 RuntimeOnly:0 HLODRelevant:1
 |   |   |- [+] [  8]
 |   |   |   |- Guid:3162D0CCD9DA4FD48FBCFEC6071632D9 BaseClass: NativeClass:/Script/Landscape.LandscapeStreamingProxy Name:LandscapeStreamingProxy_4LNZ4A5W384GI5YEGGQPOMWSL_126_0_3_0 Label:LandscapeStreamingProxy_0_3_0 SpatiallyLoaded:1 Bounds:IsValid=true, Min=(X=-25200.000 Y=12600.000 Z=0.000), Max=(X=-12600.000 Y=25200.000 Z=200.000) RuntimeGrid:None EditorOnly:0 RuntimeOnly:0 HLODRelevant:1
 |   |   |- [+] [  9]
 |   |   |   |- Guid:4957E2B39789447AAA83B7094D4870C9 BaseClass: NativeClass:/Script/Landscape.LandscapeStreamingProxy Name:LandscapeStreamingProxy_4LNZ4A5W384GI5YEGGQPOMWSL_126_3_2_0 Label:LandscapeStreamingProxy_3_2_0 SpatiallyLoaded:1 Bounds:IsValid=true, Min=(X=12600.000 Y=0.000 Z=0.000), Max=(X=25200.000 Y=12600.000 Z=200.000) RuntimeGrid:None EditorOnly:0 RuntimeOnly:0 HLODRelevant:1
 |   |   |- [+] [ 10]
 |   |   |   |- Guid:1F115B04AB3B4F339AB79F7F4AC125F9 BaseClass: NativeClass:/Script/Landscape.LandscapeStreamingProxy Name:LandscapeStreamingProxy_4LNZ4A5W384GI5YEGGQPOMWSL_126_2_2_0 Label:LandscapeStreamingProxy_2_2_0 SpatiallyLoaded:1 Bounds:IsValid=true, Min=(X=0.000 Y=0.000 Z=0.000), Max=(X=12600.000 Y=12600.000 Z=200.000) RuntimeGrid:None EditorOnly:0 RuntimeOnly:0 HLODRelevant:1
 |   |   |- [+] [ 11]
 |   |   |   |- Guid:43D7DCFF7E484ACE93CDC28C8C79FE05 BaseClass: NativeClass:/Script/Landscape.LandscapeStreamingProxy Name:LandscapeStreamingProxy_4LNZ4A5W384GI5YEGGQPOMWSL_126_1_2_0 Label:LandscapeStreamingProxy_1_2_0 SpatiallyLoaded:1 Bounds:IsValid=true, Min=(X=-12600.000 Y=0.000 Z=0.000), Max=(X=0.000 Y=12600.000 Z=200.000) RuntimeGrid:None EditorOnly:0 RuntimeOnly:0 HLODRelevant:1
 |   |   |- [+] [ 12]
 |   |   |   |- Guid:73B0B9390BED4C689997079537C9576A BaseClass: NativeClass:/Script/Landscape.LandscapeStreamingProxy Name:LandscapeStreamingProxy_4LNZ4A5W384GI5YEGGQPOMWSL_126_0_2_0 Label:LandscapeStreamingProxy_0_2_0 SpatiallyLoaded:1 Bounds:IsValid=true, Min=(X=-25200.000 Y=0.000 Z=0.000), Max=(X=-12600.000 Y=12600.000 Z=200.000) RuntimeGrid:None EditorOnly:0 RuntimeOnly:0 HLODRelevant:1
 |   |   |- [+] [ 13]
 |   |   |   |- Guid:4D3D49C30A764A9AAD8E2354118D048B BaseClass: NativeClass:/Script/Landscape.LandscapeStreamingProxy Name:LandscapeStreamingProxy_4LNZ4A5W384GI5YEGGQPOMWSL_126_3_1_0 Label:LandscapeStreamingProxy_3_1_0 SpatiallyLoaded:1 Bounds:IsValid=true, Min=(X=12600.000 Y=-12600.000 Z=0.000), Max=(X=25200.000 Y=0.000 Z=200.000) RuntimeGrid:None EditorOnly:0 RuntimeOnly:0 HLODRelevant:1
 |   |   |- [+] [ 14]
 |   |   |   |- Guid:9931AB447E06468098FEEC1167E3DE86 BaseClass: NativeClass:/Script/Landscape.LandscapeStreamingProxy Name:LandscapeStreamingProxy_4LNZ4A5W384GI5YEGGQPOMWSL_126_2_1_0 Label:LandscapeStreamingProxy_2_1_0 SpatiallyLoaded:1 Bounds:IsValid=true, Min=(X=0.000 Y=-12600.000 Z=0.000), Max=(X=12600.000 Y=0.000 Z=200.000) RuntimeGrid:None EditorOnly:0 RuntimeOnly:0 HLODRelevant:1
 |   |   |- [+] [ 15]
 |   |   |   |- Guid:2B8BE0F8937B4591A9816B8B61AC4C4A BaseClass: NativeClass:/Script/Landscape.LandscapeStreamingProxy Name:LandscapeStreamingProxy_4LNZ4A5W384GI5YEGGQPOMWSL_126_1_1_0 Label:LandscapeStreamingProxy_1_1_0 SpatiallyLoaded:1 Bounds:IsValid=true, Min=(X=-12600.000 Y=-12600.000 Z=0.000), Max=(X=0.000 Y=0.000 Z=200.000) RuntimeGrid:None EditorOnly:0 RuntimeOnly:0 HLODRelevant:1
 |   |   |- [+] [ 16]
 |   |   |   |- Guid:FA237F9C5A124923922A3EF9F94E1419 BaseClass: NativeClass:/Script/Landscape.LandscapeStreamingProxy Name:LandscapeStreamingProxy_4LNZ4A5W384GI5YEGGQPOMWSL_126_0_1_0 Label:LandscapeStreamingProxy_0_1_0 SpatiallyLoaded:1 Bounds:IsValid=true, Min=(X=-25200.000 Y=-12600.000 Z=0.000), Max=(X=-12600.000 Y=0.000 Z=200.000) RuntimeGrid:None EditorOnly:0 RuntimeOnly:0 HLODRelevant:1
 |   |   |- [+] [ 17]
 |   |   |   |- Guid:86974C3A1A8B40AEAD31D2422A727728 BaseClass: NativeClass:/Script/Landscape.LandscapeStreamingProxy Name:LandscapeStreamingProxy_4LNZ4A5W384GI5YEGGQPOMWSL_126_3_0_0 Label:LandscapeStreamingProxy_3_0_0 SpatiallyLoaded:1 Bounds:IsValid=true, Min=(X=12600.000 Y=-25200.000 Z=0.000), Max=(X=25200.000 Y=-12600.000 Z=200.000) RuntimeGrid:None EditorOnly:0 RuntimeOnly:0 HLODRelevant:1
 |   |   |- [+] [ 18]
 |   |   |   |- Guid:B19EBFF3503341D7B76D940E70885420 BaseClass: NativeClass:/Script/Landscape.LandscapeStreamingProxy Name:LandscapeStreamingProxy_4LNZ4A5W384GI5YEGGQPOMWSL_126_2_0_0 Label:LandscapeStreamingProxy_2_0_0 SpatiallyLoaded:1 Bounds:IsValid=true, Min=(X=0.000 Y=-25200.000 Z=0.000), Max=(X=12600.000 Y=-12600.000 Z=200.000) RuntimeGrid:None EditorOnly:0 RuntimeOnly:0 HLODRelevant:1
 |   |   |- [+] [ 19]
 |   |   |   |- Guid:9C0696AAC1E341E2ADC4F6C820E1DDF9 BaseClass: NativeClass:/Script/Landscape.LandscapeStreamingProxy Name:LandscapeStreamingProxy_4LNZ4A5W384GI5YEGGQPOMWSL_126_1_0_0 Label:LandscapeStreamingProxy_1_0_0 SpatiallyLoaded:1 Bounds:IsValid=true, Min=(X=-12600.000 Y=-25200.000 Z=0.000), Max=(X=0.000 Y=-12600.000 Z=200.000) RuntimeGrid:None EditorOnly:0 RuntimeOnly:0 HLODRelevant:1
 |   |   |- [+] [ 20]
 |   |   |   |- Guid:C22CE07C4B87D685137FDBBC10FC92C6 BaseClass: NativeClass:/Script/Engine.SkyAtmosphere Name:SkyAtmosphere_0 Label:SkyAtmosphere SpatiallyLoaded:0 Bounds:IsValid=true, Min=(X=0.000 Y=0.000 Z=1020.000), Max=(X=0.000 Y=0.000 Z=1020.000) RuntimeGrid:None EditorOnly:0 RuntimeOnly:0 HLODRelevant:0 FolderPath:Lighting FolderGuid:0BA5F0A04EADB18E70D5B180D08FA34B
 |   |   |- [+] [ 21]
 |   |   |   |- Guid:C0C56B9644AE3D40CAFF6A878DB29844 BaseClass: NativeClass:/Script/Engine.StaticMeshActor Name:StaticMeshActor_UAID_A4AE111137DC5EFB00_2001720423 Label:SM_SkySphere SpatiallyLoaded:0 Bounds:IsValid=true, Min=(X=-1638400.000 Y=-1638400.000 Z=-1638400.000), Max=(X=1638400.000 Y=1638400.000 Z=1638400.000) RuntimeGrid:None EditorOnly:0 RuntimeOnly:0 HLODRelevant:1 FolderPath:Lighting FolderGuid:0BA5F0A04EADB18E70D5B180D08FA34B
 |   |   |- [+] [ 22]
 |   |   |   |- Guid:6FEFB3BD4EB37B849EF0D4AC80F83855 BaseClass: NativeClass:/Script/Engine.WorldDataLayers Name:WorldDataLayers Label:WorldDataLayers SpatiallyLoaded:0 Bounds:IsValid=true, Min=(X=0.000 Y=0.000 Z=0.000), Max=(X=0.000 Y=0.000 Z=0.000) RuntimeGrid:None EditorOnly:0 RuntimeOnly:0 HLODRelevant:0
 |   |   |- [+] [ 23]
 |   |   |   |- Guid:CE8D82634660FCDB3120E2B8D547C533 BaseClass: NativeClass:/Script/Engine.PostProcessVolume Name:PostProcessVolume_0 Label:PostProcessVolume SpatiallyLoaded:0 Bounds:IsValid=true, Min=(X=0.000 Y=0.000 Z=400.000), Max=(X=200.000 Y=200.000 Z=600.000) RuntimeGrid:None EditorOnly:0 RuntimeOnly:0 HLODRelevant:0 FolderPath:Lighting FolderGuid:0BA5F0A04EADB18E70D5B180D08FA34B
 |   |   |- [+] [ 24]
 |   |   |   |- Guid:424328B0B78B475D96C6479B9CD5FA23 BaseClass: NativeClass:/Script/Landscape.LandscapeStreamingProxy Name:LandscapeStreamingProxy_4LNZ4A5W384GI5YEGGQPOMWSL_126_0_0_0 Label:LandscapeStreamingProxy_0_0_0 SpatiallyLoaded:1 Bounds:IsValid=true, Min=(X=-25200.000 Y=-25200.000 Z=0.000), Max=(X=-12600.000 Y=-12600.000 Z=200.000) RuntimeGrid:None EditorOnly:0 RuntimeOnly:0 HLODRelevant:1
 |   |   |- [+] [ 25]
 |   |   |   |- Guid:F15B9505BD2142F3961A5C026A771657 BaseClass: NativeClass:/Script/Landscape.Landscape Name:Landscape_UAID_B42E99A22CAC809401_1789232975 Label:Landscape SpatiallyLoaded:0 Bounds:IsValid=true, Min=(X=-25200.000 Y=-25200.000 Z=100.000), Max=(X=-25200.000 Y=-25200.000 Z=100.000) RuntimeGrid:None EditorOnly:0 RuntimeOnly:0 HLODRelevant:0
 |   |   |- [+] [ 26]
 |   |   |   |- Guid:E8A4BFD57B1E4CB9AB063DD244F28AE7 BaseClass: NativeClass:/Script/Engine.StaticMeshActor Name:StaticMeshActor_UAID_B42E99A22CAC819401_1278120152 Label:Shape_Trim SpatiallyLoaded:1 Bounds:IsValid=true, Min=(X=330.000 Y=780.000 Z=100.000), Max=(X=350.000 Y=880.000 Z=120.000) RuntimeGrid:None EditorOnly:0 RuntimeOnly:0 HLODRelevant:1
 |   |   |- [+] [ 27]
 |   |   |   |- Guid:7FBA6DEB0CD34650A76F7873EEE71F07 BaseClass: NativeClass:/Script/Engine.StaticMeshActor Name:StaticMeshActor_UAID_B42E99A22CAC819401_1377510154 Label:Shape_Trim2 SpatiallyLoaded:1 Bounds:IsValid=true, Min=(X=330.000 Y=880.000 Z=100.000), Max=(X=350.000 Y=980.000 Z=120.000) RuntimeGrid:None EditorOnly:0 RuntimeOnly:0 HLODRelevant:1
 |   |   |- [+] [ 28]
 |   |   |   |- Guid:FB5E93A0AAA348C3940C1FD5FD29CB6A BaseClass: NativeClass:/Script/Engine.StaticMeshActor Name:StaticMeshActor_UAID_B42E99A22CAC819401_1400410155 Label:Shape_Trim3 SpatiallyLoaded:1 Bounds:IsValid=true, Min=(X=330.000 Y=680.000 Z=100.000), Max=(X=350.000 Y=780.000 Z=120.000) RuntimeGrid:None EditorOnly:0 RuntimeOnly:0 HLODRelevant:1
 |   |   |- [+] [ 29]
 |   |   |   |- Guid:4ED67F410C8940118F34B92359C39FD3 BaseClass: NativeClass:/Script/Engine.StaticMeshActor Name:StaticMeshActor_UAID_B42E99A22CAC819401_1407260156 Label:Shape_Trim4 SpatiallyLoaded:1 Bounds:IsValid=true, Min=(X=330.000 Y=1080.000 Z=100.000), Max=(X=350.000 Y=1180.000 Z=120.000) RuntimeGrid:None EditorOnly:0 RuntimeOnly:0 HLODRelevant:1
 |   |   |- [+] [ 30]
 |   |   |   |- Guid:54C8DC639000481FB8D0575EDE04890F BaseClass: NativeClass:/Script/Engine.StaticMeshActor Name:StaticMeshActor_UAID_B42E99A22CAC819401_1407270157 Label:Shape_Trim5 SpatiallyLoaded:1 Bounds:IsValid=true, Min=(X=330.000 Y=1180.000 Z=100.000), Max=(X=350.000 Y=1280.000 Z=120.000) RuntimeGrid:None EditorOnly:0 RuntimeOnly:0 HLODRelevant:1
 |   |   |- [+] [ 31]
 |   |   |   |- Guid:2DB52A45450C449194F3B0594C76A46F BaseClass: NativeClass:/Script/Engine.StaticMeshActor Name:StaticMeshActor_UAID_B42E99A22CAC819401_1407278158 Label:Shape_Trim6 SpatiallyLoaded:1 Bounds:IsValid=true, Min=(X=330.000 Y=980.000 Z=100.000), Max=(X=350.000 Y=1080.000 Z=120.000) RuntimeGrid:None EditorOnly:0 RuntimeOnly:0 HLODRelevant:1
 |   |   |- [+] [ 32]
 |   |   |   |- Guid:871B9FD9AC8D4B0F9A2A73D6F7AD4881 BaseClass: NativeClass:/Script/Engine.StaticMeshActor Name:StaticMeshActor_UAID_B42E99A22CAC819401_1411293159 Label:Shape_Trim7 SpatiallyLoaded:1 Bounds:IsValid=true, Min=(X=330.000 Y=480.000 Z=100.000), Max=(X=350.000 Y=580.000 Z=120.000) RuntimeGrid:None EditorOnly:0 RuntimeOnly:0 HLODRelevant:1
 |   |   |- [+] [ 33]
 |   |   |   |- Guid:6EEF8A135BBB4F778B4497D88BD97465 BaseClass: NativeClass:/Script/Engine.StaticMeshActor Name:StaticMeshActor_UAID_B42E99A22CAC819401_1411303160 Label:Shape_Trim8 SpatiallyLoaded:1 Bounds:IsValid=true, Min=(X=330.000 Y=580.000 Z=100.000), Max=(X=350.000 Y=680.000 Z=120.000) RuntimeGrid:None EditorOnly:0 RuntimeOnly:0 HLODRelevant:1
 |   |   |- [+] [ 34]
 |   |   |   |- Guid:4734CF792C294730B9D21CC994DA9A9F BaseClass: NativeClass:/Script/Engine.StaticMeshActor Name:StaticMeshActor_UAID_B42E99A22CAC819401_1411313161 Label:Shape_Trim9 SpatiallyLoaded:1 Bounds:IsValid=true, Min=(X=330.000 Y=380.000 Z=100.000), Max=(X=350.000 Y=480.000 Z=120.000) RuntimeGrid:None EditorOnly:0 RuntimeOnly:0 HLODRelevant:1
 |   |   |- [+] [ 35]
 |   |   |   |- Guid:8E2B93E3DDF64E52B2DCF410F717588C BaseClass: NativeClass:/Script/Engine.StaticMeshActor Name:StaticMeshActor_UAID_B42E99A22CAC819401_1426183162 Label:Shape_Trim10 SpatiallyLoaded:1 Bounds:IsValid=true, Min=(X=330.000 Y=1680.000 Z=100.000), Max=(X=350.000 Y=1780.000 Z=120.000) RuntimeGrid:None EditorOnly:0 RuntimeOnly:0 HLODRelevant:1
 |   |   |- [+] [ 36]
 |   |   |   |- Guid:6FF17BE936E44550898A17E645CC7D22 BaseClass: NativeClass:/Script/Engine.StaticMeshActor Name:StaticMeshActor_UAID_B42E99A22CAC819401_1426192163 Label:Shape_Trim11 SpatiallyLoaded:1 Bounds:IsValid=true, Min=(X=330.000 Y=1780.000 Z=100.000), Max=(X=350.000 Y=1880.000 Z=120.000) RuntimeGrid:None EditorOnly:0 RuntimeOnly:0 HLODRelevant:1
 |   |   |- [+] [ 37]
 |   |   |   |- Guid:88C4984B869C451FA62E97FE45D2E736 BaseClass: NativeClass:/Script/Engine.StaticMeshActor Name:StaticMeshActor_UAID_B42E99A22CAC819401_1426200164 Label:Shape_Trim12 SpatiallyLoaded:1 Bounds:IsValid=true, Min=(X=330.000 Y=1580.000 Z=100.000), Max=(X=350.000 Y=1680.000 Z=120.000) RuntimeGrid:None EditorOnly:0 RuntimeOnly:0 HLODRelevant:1
 |   |   |- [+] [ 38]
 |   |   |   |- Guid:7E4251D0B54242A186A3428D1647DCAE BaseClass: NativeClass:/Script/Engine.StaticMeshActor Name:StaticMeshActor_UAID_B42E99A22CAC819401_1426207165 Label:Shape_Trim13 SpatiallyLoaded:1 Bounds:IsValid=true, Min=(X=330.000 Y=1980.000 Z=100.000), Max=(X=350.000 Y=2080.000 Z=120.000) RuntimeGrid:None EditorOnly:0 RuntimeOnly:0 HLODRelevant:1
 |   |   |- [+] [ 39]
 |   |   |   |- Guid:EE8A8BC5D6C546CEAB7683AB6273AD44 BaseClass: NativeClass:/Script/Engine.StaticMeshActor Name:StaticMeshActor_UAID_B42E99A22CAC819401_1426216166 Label:Shape_Trim14 SpatiallyLoaded:1 Bounds:IsValid=true, Min=(X=330.000 Y=2080.000 Z=100.000), Max=(X=350.000 Y=2180.000 Z=120.000) RuntimeGrid:None EditorOnly:0 RuntimeOnly:0 HLODRelevant:1
 |   |   |- [+] [ 40]
 |   |   |   |- Guid:E893484A8EAC4E94918225492DC98269 BaseClass: NativeClass:/Script/Engine.StaticMeshActor Name:StaticMeshActor_UAID_B42E99A22CAC819401_1426223167 Label:Shape_Trim15 SpatiallyLoaded:1 Bounds:IsValid=true, Min=(X=330.000 Y=1880.000 Z=100.000), Max=(X=350.000 Y=1980.000 Z=120.000) RuntimeGrid:None EditorOnly:0 RuntimeOnly:0 HLODRelevant:1
 |   |   |- [+] [ 41]
 |   |   |   |- Guid:05E8DCC6E47A48A98A8D13835E8BC4BE BaseClass: NativeClass:/Script/Engine.StaticMeshActor Name:StaticMeshActor_UAID_B42E99A22CAC819401_1426231168 Label:Shape_Trim16 SpatiallyLoaded:1 Bounds:IsValid=true, Min=(X=330.000 Y=1380.000 Z=100.000), Max=(X=350.000 Y=1480.000 Z=120.000) RuntimeGrid:None EditorOnly:0 RuntimeOnly:0 HLODRelevant:1
 |   |   |- [+] [ 42]
 |   |   |   |- Guid:C0D026FF7F6C4453B7DDA7A17A9A6C79 BaseClass: NativeClass:/Script/Engine.StaticMeshActor Name:StaticMeshActor_UAID_B42E99A22CAC819401_1426239169 Label:Shape_Trim17 SpatiallyLoaded:1 Bounds:IsValid=true, Min=(X=330.000 Y=1480.000 Z=100.000), Max=(X=350.000 Y=1580.000 Z=120.000) RuntimeGrid:None EditorOnly:0 RuntimeOnly:0 HLODRelevant:1
 |   |   |- [+] [ 43]
 |   |   |   |- Guid:6393AA67703B4CA6BD87C754F8F6AC14 BaseClass: NativeClass:/Script/Engine.StaticMeshActor Name:StaticMeshActor_UAID_B42E99A22CAC819401_1426247170 Label:Shape_Trim18 SpatiallyLoaded:1 Bounds:IsValid=true, Min=(X=330.000 Y=1280.000 Z=100.000), Max=(X=350.000 Y=1380.000 Z=120.000) RuntimeGrid:None EditorOnly:0 RuntimeOnly:0 HLODRelevant:1
 |   |   |- [+] [ 44]
 |   |   |   |- Guid:AE0354BE3A6048929DA7F67C0261CC25 BaseClass: NativeClass:/Script/Engine.StaticMeshActor Name:StaticMeshActor_UAID_B42E99A22CAC819401_1436086171 Label:Shape_Trim19 SpatiallyLoaded:1 Bounds:IsValid=true, Min=(X=330.000 Y=-120.000 Z=100.000), Max=(X=350.000 Y=-20.000 Z=120.000) RuntimeGrid:None EditorOnly:0 RuntimeOnly:0 HLODRelevant:1
 |   |   |- [+] [ 45]
 |   |   |   |- Guid:D945A17E84BC4BBFB3DE2F6ED1CFE394 BaseClass: NativeClass:/Script/Engine.StaticMeshActor Name:StaticMeshActor_UAID_B42E99A22CAC819401_1436094172 Label:Shape_Trim20 SpatiallyLoaded:1 Bounds:IsValid=true, Min=(X=330.000 Y=-20.000 Z=100.000), Max=(X=350.000 Y=80.000 Z=120.000) RuntimeGrid:None EditorOnly:0 RuntimeOnly:0 HLODRelevant:1
 |   |   |- [+] [ 46]
 |   |   |   |- Guid:A48103C6C08241E99B02B578C2D0554A BaseClass: NativeClass:/Script/Engine.StaticMeshActor Name:StaticMeshActor_UAID_B42E99A22CAC819401_1436101173 Label:Shape_Trim21 SpatiallyLoaded:1 Bounds:IsValid=true, Min=(X=330.000 Y=-220.000 Z=100.000), Max=(X=350.000 Y=-120.000 Z=120.000) RuntimeGrid:None EditorOnly:0 RuntimeOnly:0 HLODRelevant:1
 |   |   |- [+] [ 47]
 |   |   |   |- Guid:3A9E26BCB35347C89FE160C8D53A70AC BaseClass: NativeClass:/Script/Engine.StaticMeshActor Name:StaticMeshActor_UAID_B42E99A22CAC819401_1436106174 Label:Shape_Trim22 SpatiallyLoaded:1 Bounds:IsValid=true, Min=(X=330.000 Y=180.000 Z=100.000), Max=(X=350.000 Y=280.000 Z=120.000) RuntimeGrid:None EditorOnly:0 RuntimeOnly:0 HLODRelevant:1
 |   |   |- [+] [ 48]
 |   |   |   |- Guid:8BF1C0986F2C43C1BC9A818F06557CAE BaseClass: NativeClass:/Script/Engine.StaticMeshActor Name:StaticMeshActor_UAID_B42E99A22CAC819401_1436112175 Label:Shape_Trim23 SpatiallyLoaded:1 Bounds:IsValid=true, Min=(X=330.000 Y=280.000 Z=100.000), Max=(X=350.000 Y=380.000 Z=120.000) RuntimeGrid:None EditorOnly:0 RuntimeOnly:0 HLODRelevant:1
 |   |   |- [+] [ 49]
 |   |   |   |- Guid:505FB1D30E4B4D17B99A7E1F897EEF2D BaseClass: NativeClass:/Script/Engine.StaticMeshActor Name:StaticMeshActor_UAID_B42E99A22CAC819401_1436116176 Label:Shape_Trim24 SpatiallyLoaded:1 Bounds:IsValid=true, Min=(X=330.000 Y=80.000 Z=100.000), Max=(X=350.000 Y=180.000 Z=120.000) RuntimeGrid:None EditorOnly:0 RuntimeOnly:0 HLODRelevant:1
 |   |   |- [+] [ 50]
 |   |   |   |- Guid:96C357DEC8A44595B11FEDF5D0071C59 BaseClass: NativeClass:/Script/Engine.StaticMeshActor Name:StaticMeshActor_UAID_B42E99A22CAC819401_1436120177 Label:Shape_Trim25 SpatiallyLoaded:1 Bounds:IsValid=true, Min=(X=330.000 Y=-420.000 Z=100.000), Max=(X=350.000 Y=-320.000 Z=120.000) RuntimeGrid:None EditorOnly:0 RuntimeOnly:0 HLODRelevant:1
 |   |   |- [+] [ 51]
 |   |   |   |- Guid:ED86C1F7AE984D4FAA0B4C41F01CFBC1 BaseClass: NativeClass:/Script/Engine.StaticMeshActor Name:StaticMeshActor_UAID_B42E99A22CAC819401_1436124178 Label:Shape_Trim26 SpatiallyLoaded:1 Bounds:IsValid=true, Min=(X=330.000 Y=-320.000 Z=100.000), Max=(X=350.000 Y=-220.000 Z=120.000) RuntimeGrid:None EditorOnly:0 RuntimeOnly:0 HLODRelevant:1
 |   |   |- [+] [ 52]
 |   |   |   |- Guid:628BB78AA01D4C45A03D447E8A0DD706 BaseClass: NativeClass:/Script/Engine.StaticMeshActor Name:StaticMeshActor_UAID_B42E99A22CAC819401_1436128179 Label:Shape_Trim27 SpatiallyLoaded:1 Bounds:IsValid=true, Min=(X=330.000 Y=-520.000 Z=100.000), Max=(X=350.000 Y=-420.000 Z=120.000) RuntimeGrid:None EditorOnly:0 RuntimeOnly:0 HLODRelevant:1
 |   |   |- [+] [ 53]
 |   |   |   |- Guid:0A581086DD6A4623BCA336B4B56D70AA BaseClass: NativeClass:/Script/Engine.StaticMeshActor Name:StaticMeshActor_UAID_B42E99A22CAC819401_1508710180 Label:Shape_Trim28 SpatiallyLoaded:1 Bounds:IsValid=true, Min=(X=330.000 Y=-1920.000 Z=100.000), Max=(X=350.000 Y=-1820.000 Z=120.000) RuntimeGrid:None EditorOnly:0 RuntimeOnly:0 HLODRelevant:1
 |   |   |- [+] [ 54]
 |   |   |   |- Guid:89779552DC8F46AB9F8A4B738D9186A8 BaseClass: NativeClass:/Script/Engine.StaticMeshActor Name:StaticMeshActor_UAID_B42E99A22CAC819401_1508717181 Label:Shape_Trim29 SpatiallyLoaded:1 Bounds:IsValid=true, Min=(X=330.000 Y=-1820.000 Z=100.000), Max=(X=350.000 Y=-1720.000 Z=120.000) RuntimeGrid:None EditorOnly:0 RuntimeOnly:0 HLODRelevant:1
 |   |   |- [+] [ 55]
 |   |   |   |- Guid:E6670320D37F4FBDA37B5E9EB695B767 BaseClass: NativeClass:/Script/Engine.StaticMeshActor Name:StaticMeshActor_UAID_B42E99A22CAC819401_1508726182 Label:Shape_Trim30 SpatiallyLoaded:1 Bounds:IsValid=true, Min=(X=330.000 Y=-2020.000 Z=100.000), Max=(X=350.000 Y=-1920.000 Z=120.000) RuntimeGrid:None EditorOnly:0 RuntimeOnly:0 HLODRelevant:1
 |   |   |- [+] [ 56]
 |   |   |   |- Guid:9AD99396D84446B0AD36C155C53207FA BaseClass: NativeClass:/Script/Engine.StaticMeshActor Name:StaticMeshActor_UAID_B42E99A22CAC819401_1508734183 Label:Shape_Trim31 SpatiallyLoaded:1 Bounds:IsValid=true, Min=(X=330.000 Y=-1620.000 Z=100.000), Max=(X=350.000 Y=-1520.000 Z=120.000) RuntimeGrid:None EditorOnly:0 RuntimeOnly:0 HLODRelevant:1
 |   |   |- [+] [ 57]
 |   |   |   |- Guid:7F1E7B58693B499C9793830DE0D55243 BaseClass: NativeClass:/Script/Engine.StaticMeshActor Name:StaticMeshActor_UAID_B42E99A22CAC819401_1508741184 Label:Shape_Trim32 SpatiallyLoaded:1 Bounds:IsValid=true, Min=(X=330.000 Y=-1520.000 Z=100.000), Max=(X=350.000 Y=-1420.000 Z=120.000) RuntimeGrid:None EditorOnly:0 RuntimeOnly:0 HLODRelevant:1
 |   |   |- [+] [ 58]
 |   |   |   |- Guid:6386393D8D1C4FADBB7D89ADFF0CD4CE BaseClass: NativeClass:/Script/Engine.StaticMeshActor Name:StaticMeshActor_UAID_B42E99A22CAC819401_1508748185 Label:Shape_Trim33 SpatiallyLoaded:1 Bounds:IsValid=true, Min=(X=330.000 Y=-1720.000 Z=100.000), Max=(X=350.000 Y=-1620.000 Z=120.000) RuntimeGrid:None EditorOnly:0 RuntimeOnly:0 HLODRelevant:1
 |   |   |- [+] [ 59]
 |   |   |   |- Guid:684576D638C24136ABD89B7F84AB60E7 BaseClass: NativeClass:/Script/Engine.StaticMeshActor Name:StaticMeshActor_UAID_B42E99A22CAC819401_1508755186 Label:Shape_Trim34 SpatiallyLoaded:1 Bounds:IsValid=true, Min=(X=330.000 Y=-2220.000 Z=100.000), Max=(X=350.000 Y=-2120.000 Z=120.000) RuntimeGrid:None EditorOnly:0 RuntimeOnly:0 HLODRelevant:1
 |   |   |- [+] [ 60]
 |   |   |   |- Guid:B8E66649BB504E4DA2768792CA0A56D2 BaseClass: NativeClass:/Script/Engine.StaticMeshActor Name:StaticMeshActor_UAID_B42E99A22CAC819401_1508762187 Label:Shape_Trim35 SpatiallyLoaded:1 Bounds:IsValid=true, Min=(X=330.000 Y=-2120.000 Z=100.000), Max=(X=350.000 Y=-2020.000 Z=120.000) RuntimeGrid:None EditorOnly:0 RuntimeOnly:0 HLODRelevant:1
 |   |   |- [+] [ 61]
 |   |   |   |- Guid:3367706265DE4412BEF8DAF5D12E495C BaseClass: NativeClass:/Script/Engine.StaticMeshActor Name:StaticMeshActor_UAID_B42E99A22CAC819401_1508768188 Label:Shape_Trim36 SpatiallyLoaded:1 Bounds:IsValid=true, Min=(X=330.000 Y=-2320.000 Z=100.000), Max=(X=350.000 Y=-2220.000 Z=120.000) RuntimeGrid:None EditorOnly:0 RuntimeOnly:0 HLODRelevant:1
 |   |   |- [+] [ 62]
 |   |   |   |- Guid:253B476E92884209AF4FE97D0FA26860 BaseClass: NativeClass:/Script/Engine.StaticMeshActor Name:StaticMeshActor_UAID_B42E99A22CAC819401_1508776189 Label:Shape_Trim37 SpatiallyLoaded:1 Bounds:IsValid=true, Min=(X=330.000 Y=-1020.000 Z=100.000), Max=(X=350.000 Y=-920.000 Z=120.000) RuntimeGrid:None EditorOnly:0 RuntimeOnly:0 HLODRelevant:1
 |   |   |- [+] [ 63]
 |   |   |   |- Guid:374900E802E8419D9E4A8184E6C08D59 BaseClass: NativeClass:/Script/Engine.StaticMeshActor Name:StaticMeshActor_UAID_B42E99A22CAC819401_1508784190 Label:Shape_Trim38 SpatiallyLoaded:1 Bounds:IsValid=true, Min=(X=330.000 Y=-920.000 Z=100.000), Max=(X=350.000 Y=-820.000 Z=120.000) RuntimeGrid:None EditorOnly:0 RuntimeOnly:0 HLODRelevant:1
 |   |   |- [+] [ 64]
 |   |   |   |- Guid:80D61B64A0D945AA8AB0048C95BD6B47 BaseClass: NativeClass:/Script/Engine.StaticMeshActor Name:StaticMeshActor_UAID_B42E99A22CAC819401_1508791191 Label:Shape_Trim39 SpatiallyLoaded:1 Bounds:IsValid=true, Min=(X=330.000 Y=-1120.000 Z=100.000), Max=(X=350.000 Y=-1020.000 Z=120.000) RuntimeGrid:None EditorOnly:0 RuntimeOnly:0 HLODRelevant:1
 |   |   |- [+] [ 65]
 |   |   |   |- Guid:764FEF109E0A4432AA26AD2986FED034 BaseClass: NativeClass:/Script/Engine.StaticMeshActor Name:StaticMeshActor_UAID_B42E99A22CAC819401_1508800192 Label:Shape_Trim40 SpatiallyLoaded:1 Bounds:IsValid=true, Min=(X=330.000 Y=-720.000 Z=100.000), Max=(X=350.000 Y=-620.000 Z=120.000) RuntimeGrid:None EditorOnly:0 RuntimeOnly:0 HLODRelevant:1
 |   |   |- [+] [ 66]
 |   |   |   |- Guid:041D504794F34D1092FF8F77CAAA159F BaseClass: NativeClass:/Script/Engine.StaticMeshActor Name:StaticMeshActor_UAID_B42E99A22CAC819401_1508807193 Label:Shape_Trim41 SpatiallyLoaded:1 Bounds:IsValid=true, Min=(X=330.000 Y=-620.000 Z=100.000), Max=(X=350.000 Y=-520.000 Z=120.000) RuntimeGrid:None EditorOnly:0 RuntimeOnly:0 HLODRelevant:1
 |   |   |- [+] [ 67]
 |   |   |   |- Guid:3DCE43818B46476192CE5F41A3975967 BaseClass: NativeClass:/Script/Engine.StaticMeshActor Name:StaticMeshActor_UAID_B42E99A22CAC819401_1508814194 Label:Shape_Trim42 SpatiallyLoaded:1 Bounds:IsValid=true, Min=(X=330.000 Y=-820.000 Z=100.000), Max=(X=350.000 Y=-720.000 Z=120.000) RuntimeGrid:None EditorOnly:0 RuntimeOnly:0 HLODRelevant:1
 |   |   |- [+] [ 68]
 |   |   |   |- Guid:5FA230DA15134E0FA158D35320544779 BaseClass: NativeClass:/Script/Engine.StaticMeshActor Name:StaticMeshActor_UAID_B42E99A22CAC819401_1508822195 Label:Shape_Trim43 SpatiallyLoaded:1 Bounds:IsValid=true, Min=(X=330.000 Y=-1320.000 Z=100.000), Max=(X=350.000 Y=-1220.000 Z=120.000) RuntimeGrid:None EditorOnly:0 RuntimeOnly:0 HLODRelevant:1
 |   |   |- [+] [ 69]
 |   |   |   |- Guid:7DAB7B40CA1C48FAADAEBEA080503B5F BaseClass: NativeClass:/Script/Engine.StaticMeshActor Name:StaticMeshActor_UAID_B42E99A22CAC819401_1508830196 Label:Shape_Trim44 SpatiallyLoaded:1 Bounds:IsValid=true, Min=(X=330.000 Y=-1220.000 Z=100.000), Max=(X=350.000 Y=-1120.000 Z=120.000) RuntimeGrid:None EditorOnly:0 RuntimeOnly:0 HLODRelevant:1
 |   |   |- [+] [ 70]
 |   |   |   |- Guid:F78CA1754B2C4F29B5B72314BF9DEB68 BaseClass: NativeClass:/Script/Engine.StaticMeshActor Name:StaticMeshActor_UAID_B42E99A22CAC819401_1508839197 Label:Shape_Trim45 SpatiallyLoaded:1 Bounds:IsValid=true, Min=(X=330.000 Y=-1420.000 Z=100.000), Max=(X=350.000 Y=-1320.000 Z=120.000) RuntimeGrid:None EditorOnly:0 RuntimeOnly:0 HLODRelevant:1
 |   |   |- [+] [ 71]
 |   |   |   |- Guid:B84AF14E170A48A49B50555D9415D13E BaseClass: NativeClass:/Script/Engine.StaticMeshActor Name:StaticMeshActor_UAID_B42E99A22CAC819401_1508848198 Label:Shape_Trim46 SpatiallyLoaded:1 Bounds:IsValid=true, Min=(X=330.000 Y=-2820.000 Z=100.000), Max=(X=350.000 Y=-2720.000 Z=120.000) RuntimeGrid:None EditorOnly:0 RuntimeOnly:0 HLODRelevant:1
 |   |   |- [+] [ 72]
 |   |   |   |- Guid:343678042C044474851119D4635F1403 BaseClass: NativeClass:/Script/Engine.StaticMeshActor Name:StaticMeshActor_UAID_B42E99A22CAC819401_1508856199 Label:Shape_Trim47 SpatiallyLoaded:1 Bounds:IsValid=true, Min=(X=330.000 Y=-2720.000 Z=100.000), Max=(X=350.000 Y=-2620.000 Z=120.000) RuntimeGrid:None EditorOnly:0 RuntimeOnly:0 HLODRelevant:1
 |   |   |- [+] [ 73]
 |   |   |   |- Guid:DF7B328EF9DA46BD8B16D81DB20D7140 BaseClass: NativeClass:/Script/Engine.StaticMeshActor Name:StaticMeshActor_UAID_B42E99A22CAC819401_1508865200 Label:Shape_Trim48 SpatiallyLoaded:1 Bounds:IsValid=true, Min=(X=330.000 Y=-2920.000 Z=100.000), Max=(X=350.000 Y=-2820.000 Z=120.000) RuntimeGrid:None EditorOnly:0 RuntimeOnly:0 HLODRelevant:1
 |   |   |- [+] [ 74]
 |   |   |   |- Guid:0E42FF843C73497295ECCCAF3975B49B BaseClass: NativeClass:/Script/Engine.StaticMeshActor Name:StaticMeshActor_UAID_B42E99A22CAC819401_1508872201 Label:Shape_Trim49 SpatiallyLoaded:1 Bounds:IsValid=true, Min=(X=330.000 Y=-2520.000 Z=100.000), Max=(X=350.000 Y=-2420.000 Z=120.000) RuntimeGrid:None EditorOnly:0 RuntimeOnly:0 HLODRelevant:1
 |   |   |- [+] [ 75]
 |   |   |   |- Guid:274808E6F49F4702BA3C367AFB87EF40 BaseClass: NativeClass:/Script/Engine.StaticMeshActor Name:StaticMeshActor_UAID_B42E99A22CAC819401_1508879202 Label:Shape_Trim50 SpatiallyLoaded:1 Bounds:IsValid=true, Min=(X=330.000 Y=-2420.000 Z=100.000), Max=(X=350.000 Y=-2320.000 Z=120.000) RuntimeGrid:None EditorOnly:0 RuntimeOnly:0 HLODRelevant:1
 |   |   |- [+] [ 76]
 |   |   |   |- Guid:7C6FDB610BEF4FEAAC13F057A878C1A5 BaseClass: NativeClass:/Script/Engine.StaticMeshActor Name:StaticMeshActor_UAID_B42E99A22CAC819401_1508888203 Label:Shape_Trim51 SpatiallyLoaded:1 Bounds:IsValid=true, Min=(X=330.000 Y=-2620.000 Z=100.000), Max=(X=350.000 Y=-2520.000 Z=120.000) RuntimeGrid:None EditorOnly:0 RuntimeOnly:0 HLODRelevant:1
 |   |   |- [+] [ 77]
 |   |   |   |- Guid:60C1B128F2D84DD7852AA2579CA1A0D4 BaseClass: NativeClass:/Script/Engine.StaticMeshActor Name:StaticMeshActor_UAID_B42E99A22CAC819401_1508897204 Label:Shape_Trim52 SpatiallyLoaded:1 Bounds:IsValid=true, Min=(X=330.000 Y=-3120.000 Z=100.000), Max=(X=350.000 Y=-3020.000 Z=120.000) RuntimeGrid:None EditorOnly:0 RuntimeOnly:0 HLODRelevant:1
 |   |   |- [+] [ 78]
 |   |   |   |- Guid:3D85135CBA1F4912986109DB5A71EC7E BaseClass: NativeClass:/Script/Engine.StaticMeshActor Name:StaticMeshActor_UAID_B42E99A22CAC819401_1508905205 Label:Shape_Trim53 SpatiallyLoaded:1 Bounds:IsValid=true, Min=(X=330.000 Y=-3020.000 Z=100.000), Max=(X=350.000 Y=-2920.000 Z=120.000) RuntimeGrid:None EditorOnly:0 RuntimeOnly:0 HLODRelevant:1
 |   |   |- [+] [ 79]
 |   |   |   |- Guid:AF1B4802348B4483A73AD49C2D25381B BaseClass: NativeClass:/Script/Engine.StaticMeshActor Name:StaticMeshActor_UAID_B42E99A22CAC819401_1508912206 Label:Shape_Trim54 SpatiallyLoaded:1 Bounds:IsValid=true, Min=(X=330.000 Y=-3220.000 Z=100.000), Max=(X=350.000 Y=-3120.000 Z=120.000) RuntimeGrid:None EditorOnly:0 RuntimeOnly:0 HLODRelevant:1
 |- ContainerInstances:
 |- [+] MainContainer:
 |   |-        ID: 0x0000000000000000
 |   |-    Bounds: IsValid=false, Min=(X=0.000 Y=0.000 Z=0.000), Max=(X=0.000 Y=0.000 Z=0.000)
 |   |- Transform: 0.000000,0.000000,0.000000|0.000000,0.000000,-0.000000|1.000000,1.000000,1.000000
 |   |- Container: /Game/FirstPerson/Maps/FirstPersonMap
----------------------------------------------------------------------------------------------------------------
FirstPersonMap - Persistent Level
----------------------------------------------------------------------------------------------------------------
Always loaded Actor Count: 137 

----------------------------------------------------------------------------------------------------------------
FirstPersonMap - Runtime Spatial Hash - Streaming Grid - MainGrid
----------------------------------------------------------------------------------------------------------------
            Origin: X=0.000 Y=0.000 Z=0.000
         Cell Size: 12800
      World Bounds: IsValid=false, Min=(X=0.000 Y=0.000 Z=0.000), Max=(X=0.000 Y=0.000 Z=0.000)
     Loading Range: 25600.00
Block Slow Loading: No
 ClientOnlyVisible: No

[+] Grid Levels: 1
 |- Level  0: Cell Count    0 | Cell Size   12800 | Actor Count    0 (0.0%)

[+] Content of Grid Level 0

